time="2025-11-02T19:56:47+04:00" level=warning msg="/Users/sedmahdiyar/Desktop/Minila/backend/docker-compose.yml: the attribute `version` is obsolete, it will be ignored, please remove it to avoid potential confusion"
============================= test session starts ==============================
platform linux -- Python 3.12.11, pytest-8.3.5, pluggy-1.6.0 -- /usr/local/bin/python3.12
cachedir: .pytest_cache
rootdir: /app
plugins: Faker-37.12.0, cov-7.0.0, anyio-4.11.0, asyncio-0.23.8
asyncio: mode=Mode.STRICT
collecting ... collected 93 items

tests/api/test_auth.py::TestSignup::test_signup_success FAILED           [  1%]
tests/api/test_auth.py::TestSignup::test_signup_duplicate_email PASSED   [  2%]
tests/api/test_auth.py::TestSignup::test_signup_invalid_email PASSED     [  3%]
tests/api/test_auth.py::TestSignup::test_signup_missing_required_field PASSED [  4%]
tests/api/test_auth.py::TestSignup::test_signup_empty_password PASSED    [  5%]
tests/api/test_auth.py::TestRequestOTP::test_request_otp_success FAILED  [  6%]
tests/api/test_auth.py::TestRequestOTP::test_request_otp_nonexistent_user PASSED [  7%]
tests/api/test_auth.py::TestRequestOTP::test_request_otp_invalid_email PASSED [  8%]
tests/api/test_auth.py::TestRequestOTP::test_request_otp_updates_existing_code FAILED [  9%]
tests/api/test_auth.py::TestVerifyOTP::test_verify_otp_success FAILED    [ 10%]
tests/api/test_auth.py::TestVerifyOTP::test_verify_otp_wrong_code PASSED [ 11%]
tests/api/test_auth.py::TestVerifyOTP::test_verify_otp_used_code FAILED  [ 12%]
tests/api/test_auth.py::TestVerifyOTP::test_verify_otp_nonexistent_user PASSED [ 13%]
tests/api/test_auth.py::TestVerifyOTP::test_verify_otp_invalid_email_format PASSED [ 15%]
tests/api/test_auth.py::TestRefreshToken::test_refresh_token_success FAILED [ 16%]
tests/api/test_auth.py::TestRefreshToken::test_refresh_token_invalid PASSED [ 17%]
tests/api/test_auth.py::TestRefreshToken::test_refresh_token_expired PASSED [ 18%]
tests/api/test_cards.py::TestGetCards::test_get_cards_with_pagination ERROR [ 19%]
tests/api/test_cards.py::TestGetCards::test_get_cards_filter_origin_city ERROR [ 20%]
tests/api/test_cards.py::TestGetCards::test_get_cards_filter_destination_city ERROR [ 21%]
tests/api/test_cards.py::TestGetCards::test_get_cards_filter_is_sender_true FAILED [ 22%]
tests/api/test_cards.py::TestGetCards::test_get_cards_filter_is_sender_false ERROR [ 23%]
tests/api/test_cards.py::TestGetCards::test_get_cards_multiple_filters ERROR [ 24%]
tests/api/test_cards.py::TestCreateCard::test_create_passenger_card_success FAILED [ 25%]
tests/api/test_cards.py::TestCreateCard::test_create_sender_card_success FAILED [ 26%]
tests/api/test_cards.py::TestCreateCard::test_create_card_without_auth PASSED [ 27%]
tests/api/test_cards.py::TestCreateCard::test_create_card_validation_error PASSED [ 29%]
tests/api/test_cards.py::TestCreateCard::test_create_card_with_community_ids ERROR [ 30%]
tests/api/test_cards.py::TestGetCard::test_get_card_success ERROR        [ 31%]
tests/api/test_cards.py::TestGetCard::test_get_card_not_found PASSED     [ 32%]
tests/api/test_cards.py::TestUpdateCard::test_update_card_by_owner ERROR [ 33%]
tests/api/test_cards.py::TestUpdateCard::test_update_card_by_non_owner ERROR [ 34%]
tests/api/test_cards.py::TestUpdateCard::test_update_card_without_auth ERROR [ 35%]
tests/api/test_cards.py::TestUpdateCard::test_update_card_not_found PASSED [ 36%]
tests/api/test_cards.py::TestDeleteCard::test_delete_card_by_owner FAILED [ 37%]
tests/api/test_cards.py::TestDeleteCard::test_delete_card_by_non_owner ERROR [ 38%]
tests/api/test_cards.py::TestDeleteCard::test_delete_card_without_auth ERROR [ 39%]
tests/api/test_cards.py::TestDeleteCard::test_delete_card_not_found PASSED [ 40%]
tests/api/test_communities.py::TestGetCommunities::test_get_communities_empty_list PASSED [ 41%]
tests/api/test_communities.py::TestGetCommunities::test_get_communities_with_data ERROR [ 43%]
tests/api/test_communities.py::TestGetCommunities::test_get_communities_pagination ERROR [ 44%]
tests/api/test_communities.py::TestCreateCommunity::test_create_community_success FAILED [ 45%]
tests/api/test_communities.py::TestCreateCommunity::test_create_community_duplicate_name ERROR [ 46%]
tests/api/test_communities.py::TestCreateCommunity::test_create_community_without_auth PASSED [ 47%]
tests/api/test_communities.py::TestCreateCommunity::test_create_community_validation_error PASSED [ 48%]
tests/api/test_communities.py::TestGetCommunity::test_get_community_success ERROR [ 49%]
tests/api/test_communities.py::TestGetCommunity::test_get_community_not_found PASSED [ 50%]
tests/api/test_communities.py::TestUpdateCommunity::test_update_community_by_owner ERROR [ 51%]
tests/api/test_communities.py::TestUpdateCommunity::test_update_community_by_non_owner ERROR [ 52%]
tests/api/test_communities.py::TestUpdateCommunity::test_update_community_without_auth ERROR [ 53%]
tests/api/test_communities.py::TestUpdateCommunity::test_update_community_not_found PASSED [ 54%]
tests/api/test_communities.py::TestJoinCommunity::test_join_community_success ERROR [ 55%]
tests/api/test_communities.py::TestJoinCommunity::test_join_community_duplicate_request ERROR [ 56%]
tests/api/test_communities.py::TestJoinCommunity::test_join_community_not_found FAILED [ 58%]
tests/api/test_communities.py::TestJoinCommunity::test_join_community_without_auth ERROR [ 59%]
tests/api/test_communities.py::TestGetJoinRequests::test_get_requests_by_owner ERROR [ 60%]
tests/api/test_communities.py::TestGetJoinRequests::test_get_requests_by_non_owner ERROR [ 61%]
tests/api/test_communities.py::TestGetJoinRequests::test_get_requests_without_auth ERROR [ 62%]
tests/api/test_communities.py::TestApproveJoinRequest::test_approve_request_success ERROR [ 63%]
tests/api/test_communities.py::TestApproveJoinRequest::test_approve_request_by_non_owner ERROR [ 64%]
tests/api/test_communities.py::TestApproveJoinRequest::test_approve_request_not_found ERROR [ 65%]
tests/api/test_communities.py::TestApproveJoinRequest::test_approve_request_without_auth ERROR [ 66%]
tests/api/test_communities.py::TestRejectJoinRequest::test_reject_request_success ERROR [ 67%]
tests/api/test_communities.py::TestRejectJoinRequest::test_reject_request_by_non_owner ERROR [ 68%]
tests/api/test_communities.py::TestRejectJoinRequest::test_reject_request_without_auth ERROR [ 69%]
tests/api/test_communities.py::TestGetCommunityMembers::test_get_members_with_pagination ERROR [ 70%]
tests/api/test_communities.py::TestGetCommunityMembers::test_get_members_only_active ERROR [ 72%]
tests/api/test_communities.py::TestGetCommunityMembers::test_get_members_not_found FAILED [ 73%]
tests/api/test_messages.py::TestSendMessage::test_send_message_success_with_common_community ERROR [ 74%]
tests/api/test_messages.py::TestSendMessage::test_send_message_blocked_no_common_community ERROR [ 75%]
tests/api/test_messages.py::TestSendMessage::test_send_message_rate_limit_exceeded ERROR [ 76%]
tests/api/test_messages.py::TestSendMessage::test_send_message_without_auth PASSED [ 77%]
tests/api/test_messages.py::TestSendMessage::test_send_message_validation_error_missing_body FAILED [ 78%]
tests/api/test_messages.py::TestSendMessage::test_send_message_validation_error_empty_body FAILED [ 79%]
tests/api/test_messages.py::TestSendMessage::test_send_message_to_nonexistent_user FAILED [ 80%]
tests/api/test_messages.py::TestGetInbox::test_get_inbox_with_messages ERROR [ 81%]
tests/api/test_messages.py::TestGetInbox::test_get_inbox_only_received_messages ERROR [ 82%]
tests/api/test_messages.py::TestGetInbox::test_get_inbox_newest_first ERROR [ 83%]
tests/api/test_messages.py::TestGetInbox::test_get_inbox_without_auth PASSED [ 84%]
tests/api/test_messages.py::TestGetSent::test_get_sent_with_messages ERROR [ 86%]
tests/api/test_messages.py::TestGetSent::test_get_sent_only_sent_messages ERROR [ 87%]
tests/api/test_messages.py::TestGetSent::test_get_sent_newest_first ERROR [ 88%]
tests/api/test_messages.py::TestGetSent::test_get_sent_without_auth PASSED [ 89%]
tests/api/test_users.py::TestGetMyProfile::test_get_profile_success FAILED [ 90%]
tests/api/test_users.py::TestGetMyProfile::test_get_profile_without_auth PASSED [ 91%]
tests/api/test_users.py::TestGetMyProfile::test_get_profile_invalid_token PASSED [ 92%]
tests/api/test_users.py::TestUpdateMyProfile::test_update_profile_all_fields FAILED [ 93%]
tests/api/test_users.py::TestUpdateMyProfile::test_update_profile_partial FAILED [ 94%]
tests/api/test_users.py::TestUpdateMyProfile::test_update_profile_without_auth PASSED [ 95%]
tests/api/test_users.py::TestUpdateMyProfile::test_update_profile_invalid_data PASSED [ 96%]
tests/api/test_users.py::TestUpdateMyProfile::test_update_profile_check_updated_at FAILED [ 97%]
tests/api/test_users.py::TestUpdateMyProfile::test_update_profile_empty_payload FAILED [ 98%]
tests/api/test_users.py::TestUpdateMyProfile::test_update_profile_with_null_values FAILED [100%]

==================================== ERRORS ====================================
________ ERROR at setup of TestGetCards.test_get_cards_with_pagination _________
/usr/local/lib/python3.12/site-packages/sqlalchemy/engine/base.py:1967: in _exec_single_context
    self.dialect.do_execute(
/usr/local/lib/python3.12/site-packages/sqlalchemy/engine/default.py:951: in do_execute
    cursor.execute(statement, parameters)
/usr/local/lib/python3.12/site-packages/sqlalchemy/dialects/postgresql/psycopg.py:597: in execute
    result = self.await_(self._cursor.execute(query, params, **kw))
/usr/local/lib/python3.12/site-packages/sqlalchemy/util/_concurrency_py3k.py:132: in await_only
    return current.parent.switch(awaitable)  # type: ignore[no-any-return,attr-defined] # noqa: E501
/usr/local/lib/python3.12/site-packages/sqlalchemy/util/_concurrency_py3k.py:196: in greenlet_spawn
    value = await result
/usr/local/lib/python3.12/site-packages/psycopg/cursor_async.py:89: in execute
    raise ex.with_traceback(None)
E   psycopg.errors.ForeignKeyViolation: insert or update on table "card" violates foreign key constraint "card_origin_country_id_fkey"
E   DETAIL:  Key (origin_country_id)=(1) is not present in table "country".

The above exception was the direct cause of the following exception:
/usr/local/lib/python3.12/site-packages/pytest_asyncio/plugin.py:369: in _async_fixture_wrapper
    return event_loop.run_until_complete(setup())
/usr/local/lib/python3.12/asyncio/base_events.py:691: in run_until_complete
    return future.result()
/usr/local/lib/python3.12/site-packages/pytest_asyncio/plugin.py:364: in setup
    res = await func(
tests/conftest.py:374: in test_card
    await test_db.commit()
/usr/local/lib/python3.12/site-packages/sqlalchemy/ext/asyncio/session.py:1000: in commit
    await greenlet_spawn(self.sync_session.commit)
/usr/local/lib/python3.12/site-packages/sqlalchemy/util/_concurrency_py3k.py:203: in greenlet_spawn
    result = context.switch(value)
/usr/local/lib/python3.12/site-packages/sqlalchemy/orm/session.py:2030: in commit
    trans.commit(_to_root=True)
/usr/local/lib/python3.12/site-packages/sqlalchemy/orm/state_changes.py:137: in _go
    ret_value = fn(self, *arg, **kw)
/usr/local/lib/python3.12/site-packages/sqlalchemy/orm/session.py:1311: in commit
    self._prepare_impl()
/usr/local/lib/python3.12/site-packages/sqlalchemy/orm/state_changes.py:137: in _go
    ret_value = fn(self, *arg, **kw)
/usr/local/lib/python3.12/site-packages/sqlalchemy/orm/session.py:1286: in _prepare_impl
    self.session.flush()
/usr/local/lib/python3.12/site-packages/sqlalchemy/orm/session.py:4331: in flush
    self._flush(objects)
/usr/local/lib/python3.12/site-packages/sqlalchemy/orm/session.py:4466: in _flush
    with util.safe_reraise():
/usr/local/lib/python3.12/site-packages/sqlalchemy/util/langhelpers.py:224: in __exit__
    raise exc_value.with_traceback(exc_tb)
/usr/local/lib/python3.12/site-packages/sqlalchemy/orm/session.py:4427: in _flush
    flush_context.execute()
/usr/local/lib/python3.12/site-packages/sqlalchemy/orm/unitofwork.py:466: in execute
    rec.execute(self)
/usr/local/lib/python3.12/site-packages/sqlalchemy/orm/unitofwork.py:642: in execute
    util.preloaded.orm_persistence.save_obj(
/usr/local/lib/python3.12/site-packages/sqlalchemy/orm/persistence.py:93: in save_obj
    _emit_insert_statements(
/usr/local/lib/python3.12/site-packages/sqlalchemy/orm/persistence.py:1233: in _emit_insert_statements
    result = connection.execute(
/usr/local/lib/python3.12/site-packages/sqlalchemy/engine/base.py:1419: in execute
    return meth(
/usr/local/lib/python3.12/site-packages/sqlalchemy/sql/elements.py:526: in _execute_on_connection
    return connection._execute_clauseelement(
/usr/local/lib/python3.12/site-packages/sqlalchemy/engine/base.py:1641: in _execute_clauseelement
    ret = self._execute_context(
/usr/local/lib/python3.12/site-packages/sqlalchemy/engine/base.py:1846: in _execute_context
    return self._exec_single_context(
/usr/local/lib/python3.12/site-packages/sqlalchemy/engine/base.py:1986: in _exec_single_context
    self._handle_dbapi_exception(
/usr/local/lib/python3.12/site-packages/sqlalchemy/engine/base.py:2355: in _handle_dbapi_exception
    raise sqlalchemy_exception.with_traceback(exc_info[2]) from e
/usr/local/lib/python3.12/site-packages/sqlalchemy/engine/base.py:1967: in _exec_single_context
    self.dialect.do_execute(
/usr/local/lib/python3.12/site-packages/sqlalchemy/engine/default.py:951: in do_execute
    cursor.execute(statement, parameters)
/usr/local/lib/python3.12/site-packages/sqlalchemy/dialects/postgresql/psycopg.py:597: in execute
    result = self.await_(self._cursor.execute(query, params, **kw))
/usr/local/lib/python3.12/site-packages/sqlalchemy/util/_concurrency_py3k.py:132: in await_only
    return current.parent.switch(awaitable)  # type: ignore[no-any-return,attr-defined] # noqa: E501
/usr/local/lib/python3.12/site-packages/sqlalchemy/util/_concurrency_py3k.py:196: in greenlet_spawn
    value = await result
/usr/local/lib/python3.12/site-packages/psycopg/cursor_async.py:89: in execute
    raise ex.with_traceback(None)
E   sqlalchemy.exc.IntegrityError: (psycopg.errors.ForeignKeyViolation) insert or update on table "card" violates foreign key constraint "card_origin_country_id_fkey"
E   DETAIL:  Key (origin_country_id)=(1) is not present in table "country".
E   [SQL: INSERT INTO card (owner_id, origin_country_id, origin_city_id, destination_country_id, destination_city_id, product_classification_id, is_sender, start_time_frame, end_time_frame, ticket_date_time, weight, is_packed, price_aed, description) VALUES (%(owner_id)s::INTEGER, %(origin_country_id)s::INTEGER, %(origin_city_id)s::INTEGER, %(destination_country_id)s::INTEGER, %(destination_city_id)s::INTEGER, %(product_classification_id)s::INTEGER, %(is_sender)s, %(start_time_frame)s::TIMESTAMP WITH TIME ZONE, %(end_time_frame)s::TIMESTAMP WITH TIME ZONE, %(ticket_date_time)s::TIMESTAMP WITH TIME ZONE, %(weight)s, %(is_packed)s, %(price_aed)s, %(description)s::VARCHAR) RETURNING card.id, card.created_at, card.updated_at]
E   [parameters: {'owner_id': 1, 'origin_country_id': 1, 'origin_city_id': 1, 'destination_country_id': 2, 'destination_city_id': 2, 'product_classification_id': None, 'is_sender': False, 'start_time_frame': None, 'end_time_frame': None, 'ticket_date_time': datetime.datetime(2025, 11, 9, 15, 56, 51, 86906), 'weight': 5.0, 'is_packed': None, 'price_aed': None, 'description': 'Test card for unit tests'}]
E   (Background on this error at: https://sqlalche.me/e/20/gkpj)
_______ ERROR at setup of TestGetCards.test_get_cards_filter_origin_city _______
/usr/local/lib/python3.12/site-packages/sqlalchemy/engine/base.py:1967: in _exec_single_context
    self.dialect.do_execute(
/usr/local/lib/python3.12/site-packages/sqlalchemy/engine/default.py:951: in do_execute
    cursor.execute(statement, parameters)
/usr/local/lib/python3.12/site-packages/sqlalchemy/dialects/postgresql/psycopg.py:597: in execute
    result = self.await_(self._cursor.execute(query, params, **kw))
/usr/local/lib/python3.12/site-packages/sqlalchemy/util/_concurrency_py3k.py:132: in await_only
    return current.parent.switch(awaitable)  # type: ignore[no-any-return,attr-defined] # noqa: E501
/usr/local/lib/python3.12/site-packages/sqlalchemy/util/_concurrency_py3k.py:196: in greenlet_spawn
    value = await result
/usr/local/lib/python3.12/site-packages/psycopg/cursor_async.py:89: in execute
    raise ex.with_traceback(None)
E   psycopg.errors.ForeignKeyViolation: insert or update on table "card" violates foreign key constraint "card_origin_country_id_fkey"
E   DETAIL:  Key (origin_country_id)=(1) is not present in table "country".

The above exception was the direct cause of the following exception:
/usr/local/lib/python3.12/site-packages/pytest_asyncio/plugin.py:369: in _async_fixture_wrapper
    return event_loop.run_until_complete(setup())
/usr/local/lib/python3.12/asyncio/base_events.py:691: in run_until_complete
    return future.result()
/usr/local/lib/python3.12/site-packages/pytest_asyncio/plugin.py:364: in setup
    res = await func(
tests/conftest.py:374: in test_card
    await test_db.commit()
/usr/local/lib/python3.12/site-packages/sqlalchemy/ext/asyncio/session.py:1000: in commit
    await greenlet_spawn(self.sync_session.commit)
/usr/local/lib/python3.12/site-packages/sqlalchemy/util/_concurrency_py3k.py:203: in greenlet_spawn
    result = context.switch(value)
/usr/local/lib/python3.12/site-packages/sqlalchemy/orm/session.py:2030: in commit
    trans.commit(_to_root=True)
/usr/local/lib/python3.12/site-packages/sqlalchemy/orm/state_changes.py:137: in _go
    ret_value = fn(self, *arg, **kw)
/usr/local/lib/python3.12/site-packages/sqlalchemy/orm/session.py:1311: in commit
    self._prepare_impl()
/usr/local/lib/python3.12/site-packages/sqlalchemy/orm/state_changes.py:137: in _go
    ret_value = fn(self, *arg, **kw)
/usr/local/lib/python3.12/site-packages/sqlalchemy/orm/session.py:1286: in _prepare_impl
    self.session.flush()
/usr/local/lib/python3.12/site-packages/sqlalchemy/orm/session.py:4331: in flush
    self._flush(objects)
/usr/local/lib/python3.12/site-packages/sqlalchemy/orm/session.py:4466: in _flush
    with util.safe_reraise():
/usr/local/lib/python3.12/site-packages/sqlalchemy/util/langhelpers.py:224: in __exit__
    raise exc_value.with_traceback(exc_tb)
/usr/local/lib/python3.12/site-packages/sqlalchemy/orm/session.py:4427: in _flush
    flush_context.execute()
/usr/local/lib/python3.12/site-packages/sqlalchemy/orm/unitofwork.py:466: in execute
    rec.execute(self)
/usr/local/lib/python3.12/site-packages/sqlalchemy/orm/unitofwork.py:642: in execute
    util.preloaded.orm_persistence.save_obj(
/usr/local/lib/python3.12/site-packages/sqlalchemy/orm/persistence.py:93: in save_obj
    _emit_insert_statements(
/usr/local/lib/python3.12/site-packages/sqlalchemy/orm/persistence.py:1233: in _emit_insert_statements
    result = connection.execute(
/usr/local/lib/python3.12/site-packages/sqlalchemy/engine/base.py:1419: in execute
    return meth(
/usr/local/lib/python3.12/site-packages/sqlalchemy/sql/elements.py:526: in _execute_on_connection
    return connection._execute_clauseelement(
/usr/local/lib/python3.12/site-packages/sqlalchemy/engine/base.py:1641: in _execute_clauseelement
    ret = self._execute_context(
/usr/local/lib/python3.12/site-packages/sqlalchemy/engine/base.py:1846: in _execute_context
    return self._exec_single_context(
/usr/local/lib/python3.12/site-packages/sqlalchemy/engine/base.py:1986: in _exec_single_context
    self._handle_dbapi_exception(
/usr/local/lib/python3.12/site-packages/sqlalchemy/engine/base.py:2355: in _handle_dbapi_exception
    raise sqlalchemy_exception.with_traceback(exc_info[2]) from e
/usr/local/lib/python3.12/site-packages/sqlalchemy/engine/base.py:1967: in _exec_single_context
    self.dialect.do_execute(
/usr/local/lib/python3.12/site-packages/sqlalchemy/engine/default.py:951: in do_execute
    cursor.execute(statement, parameters)
/usr/local/lib/python3.12/site-packages/sqlalchemy/dialects/postgresql/psycopg.py:597: in execute
    result = self.await_(self._cursor.execute(query, params, **kw))
/usr/local/lib/python3.12/site-packages/sqlalchemy/util/_concurrency_py3k.py:132: in await_only
    return current.parent.switch(awaitable)  # type: ignore[no-any-return,attr-defined] # noqa: E501
/usr/local/lib/python3.12/site-packages/sqlalchemy/util/_concurrency_py3k.py:196: in greenlet_spawn
    value = await result
/usr/local/lib/python3.12/site-packages/psycopg/cursor_async.py:89: in execute
    raise ex.with_traceback(None)
E   sqlalchemy.exc.IntegrityError: (psycopg.errors.ForeignKeyViolation) insert or update on table "card" violates foreign key constraint "card_origin_country_id_fkey"
E   DETAIL:  Key (origin_country_id)=(1) is not present in table "country".
E   [SQL: INSERT INTO card (owner_id, origin_country_id, origin_city_id, destination_country_id, destination_city_id, product_classification_id, is_sender, start_time_frame, end_time_frame, ticket_date_time, weight, is_packed, price_aed, description) VALUES (%(owner_id)s::INTEGER, %(origin_country_id)s::INTEGER, %(origin_city_id)s::INTEGER, %(destination_country_id)s::INTEGER, %(destination_city_id)s::INTEGER, %(product_classification_id)s::INTEGER, %(is_sender)s, %(start_time_frame)s::TIMESTAMP WITH TIME ZONE, %(end_time_frame)s::TIMESTAMP WITH TIME ZONE, %(ticket_date_time)s::TIMESTAMP WITH TIME ZONE, %(weight)s, %(is_packed)s, %(price_aed)s, %(description)s::VARCHAR) RETURNING card.id, card.created_at, card.updated_at]
E   [parameters: {'owner_id': 1, 'origin_country_id': 1, 'origin_city_id': 1, 'destination_country_id': 2, 'destination_city_id': 2, 'product_classification_id': None, 'is_sender': False, 'start_time_frame': None, 'end_time_frame': None, 'ticket_date_time': datetime.datetime(2025, 11, 9, 15, 56, 51, 409486), 'weight': 5.0, 'is_packed': None, 'price_aed': None, 'description': 'Test card for unit tests'}]
E   (Background on this error at: https://sqlalche.me/e/20/gkpj)
____ ERROR at setup of TestGetCards.test_get_cards_filter_destination_city _____
/usr/local/lib/python3.12/site-packages/sqlalchemy/engine/base.py:1967: in _exec_single_context
    self.dialect.do_execute(
/usr/local/lib/python3.12/site-packages/sqlalchemy/engine/default.py:951: in do_execute
    cursor.execute(statement, parameters)
/usr/local/lib/python3.12/site-packages/sqlalchemy/dialects/postgresql/psycopg.py:597: in execute
    result = self.await_(self._cursor.execute(query, params, **kw))
/usr/local/lib/python3.12/site-packages/sqlalchemy/util/_concurrency_py3k.py:132: in await_only
    return current.parent.switch(awaitable)  # type: ignore[no-any-return,attr-defined] # noqa: E501
/usr/local/lib/python3.12/site-packages/sqlalchemy/util/_concurrency_py3k.py:196: in greenlet_spawn
    value = await result
/usr/local/lib/python3.12/site-packages/psycopg/cursor_async.py:89: in execute
    raise ex.with_traceback(None)
E   psycopg.errors.ForeignKeyViolation: insert or update on table "card" violates foreign key constraint "card_origin_country_id_fkey"
E   DETAIL:  Key (origin_country_id)=(1) is not present in table "country".

The above exception was the direct cause of the following exception:
/usr/local/lib/python3.12/site-packages/pytest_asyncio/plugin.py:369: in _async_fixture_wrapper
    return event_loop.run_until_complete(setup())
/usr/local/lib/python3.12/asyncio/base_events.py:691: in run_until_complete
    return future.result()
/usr/local/lib/python3.12/site-packages/pytest_asyncio/plugin.py:364: in setup
    res = await func(
tests/conftest.py:374: in test_card
    await test_db.commit()
/usr/local/lib/python3.12/site-packages/sqlalchemy/ext/asyncio/session.py:1000: in commit
    await greenlet_spawn(self.sync_session.commit)
/usr/local/lib/python3.12/site-packages/sqlalchemy/util/_concurrency_py3k.py:203: in greenlet_spawn
    result = context.switch(value)
/usr/local/lib/python3.12/site-packages/sqlalchemy/orm/session.py:2030: in commit
    trans.commit(_to_root=True)
/usr/local/lib/python3.12/site-packages/sqlalchemy/orm/state_changes.py:137: in _go
    ret_value = fn(self, *arg, **kw)
/usr/local/lib/python3.12/site-packages/sqlalchemy/orm/session.py:1311: in commit
    self._prepare_impl()
/usr/local/lib/python3.12/site-packages/sqlalchemy/orm/state_changes.py:137: in _go
    ret_value = fn(self, *arg, **kw)
/usr/local/lib/python3.12/site-packages/sqlalchemy/orm/session.py:1286: in _prepare_impl
    self.session.flush()
/usr/local/lib/python3.12/site-packages/sqlalchemy/orm/session.py:4331: in flush
    self._flush(objects)
/usr/local/lib/python3.12/site-packages/sqlalchemy/orm/session.py:4466: in _flush
    with util.safe_reraise():
/usr/local/lib/python3.12/site-packages/sqlalchemy/util/langhelpers.py:224: in __exit__
    raise exc_value.with_traceback(exc_tb)
/usr/local/lib/python3.12/site-packages/sqlalchemy/orm/session.py:4427: in _flush
    flush_context.execute()
/usr/local/lib/python3.12/site-packages/sqlalchemy/orm/unitofwork.py:466: in execute
    rec.execute(self)
/usr/local/lib/python3.12/site-packages/sqlalchemy/orm/unitofwork.py:642: in execute
    util.preloaded.orm_persistence.save_obj(
/usr/local/lib/python3.12/site-packages/sqlalchemy/orm/persistence.py:93: in save_obj
    _emit_insert_statements(
/usr/local/lib/python3.12/site-packages/sqlalchemy/orm/persistence.py:1233: in _emit_insert_statements
    result = connection.execute(
/usr/local/lib/python3.12/site-packages/sqlalchemy/engine/base.py:1419: in execute
    return meth(
/usr/local/lib/python3.12/site-packages/sqlalchemy/sql/elements.py:526: in _execute_on_connection
    return connection._execute_clauseelement(
/usr/local/lib/python3.12/site-packages/sqlalchemy/engine/base.py:1641: in _execute_clauseelement
    ret = self._execute_context(
/usr/local/lib/python3.12/site-packages/sqlalchemy/engine/base.py:1846: in _execute_context
    return self._exec_single_context(
/usr/local/lib/python3.12/site-packages/sqlalchemy/engine/base.py:1986: in _exec_single_context
    self._handle_dbapi_exception(
/usr/local/lib/python3.12/site-packages/sqlalchemy/engine/base.py:2355: in _handle_dbapi_exception
    raise sqlalchemy_exception.with_traceback(exc_info[2]) from e
/usr/local/lib/python3.12/site-packages/sqlalchemy/engine/base.py:1967: in _exec_single_context
    self.dialect.do_execute(
/usr/local/lib/python3.12/site-packages/sqlalchemy/engine/default.py:951: in do_execute
    cursor.execute(statement, parameters)
/usr/local/lib/python3.12/site-packages/sqlalchemy/dialects/postgresql/psycopg.py:597: in execute
    result = self.await_(self._cursor.execute(query, params, **kw))
/usr/local/lib/python3.12/site-packages/sqlalchemy/util/_concurrency_py3k.py:132: in await_only
    return current.parent.switch(awaitable)  # type: ignore[no-any-return,attr-defined] # noqa: E501
/usr/local/lib/python3.12/site-packages/sqlalchemy/util/_concurrency_py3k.py:196: in greenlet_spawn
    value = await result
/usr/local/lib/python3.12/site-packages/psycopg/cursor_async.py:89: in execute
    raise ex.with_traceback(None)
E   sqlalchemy.exc.IntegrityError: (psycopg.errors.ForeignKeyViolation) insert or update on table "card" violates foreign key constraint "card_origin_country_id_fkey"
E   DETAIL:  Key (origin_country_id)=(1) is not present in table "country".
E   [SQL: INSERT INTO card (owner_id, origin_country_id, origin_city_id, destination_country_id, destination_city_id, product_classification_id, is_sender, start_time_frame, end_time_frame, ticket_date_time, weight, is_packed, price_aed, description) VALUES (%(owner_id)s::INTEGER, %(origin_country_id)s::INTEGER, %(origin_city_id)s::INTEGER, %(destination_country_id)s::INTEGER, %(destination_city_id)s::INTEGER, %(product_classification_id)s::INTEGER, %(is_sender)s, %(start_time_frame)s::TIMESTAMP WITH TIME ZONE, %(end_time_frame)s::TIMESTAMP WITH TIME ZONE, %(ticket_date_time)s::TIMESTAMP WITH TIME ZONE, %(weight)s, %(is_packed)s, %(price_aed)s, %(description)s::VARCHAR) RETURNING card.id, card.created_at, card.updated_at]
E   [parameters: {'owner_id': 1, 'origin_country_id': 1, 'origin_city_id': 1, 'destination_country_id': 2, 'destination_city_id': 2, 'product_classification_id': None, 'is_sender': False, 'start_time_frame': None, 'end_time_frame': None, 'ticket_date_time': datetime.datetime(2025, 11, 9, 15, 56, 51, 686478), 'weight': 5.0, 'is_packed': None, 'price_aed': None, 'description': 'Test card for unit tests'}]
E   (Background on this error at: https://sqlalche.me/e/20/gkpj)
_____ ERROR at setup of TestGetCards.test_get_cards_filter_is_sender_false _____
/usr/local/lib/python3.12/site-packages/sqlalchemy/engine/base.py:1967: in _exec_single_context
    self.dialect.do_execute(
/usr/local/lib/python3.12/site-packages/sqlalchemy/engine/default.py:951: in do_execute
    cursor.execute(statement, parameters)
/usr/local/lib/python3.12/site-packages/sqlalchemy/dialects/postgresql/psycopg.py:597: in execute
    result = self.await_(self._cursor.execute(query, params, **kw))
/usr/local/lib/python3.12/site-packages/sqlalchemy/util/_concurrency_py3k.py:132: in await_only
    return current.parent.switch(awaitable)  # type: ignore[no-any-return,attr-defined] # noqa: E501
/usr/local/lib/python3.12/site-packages/sqlalchemy/util/_concurrency_py3k.py:196: in greenlet_spawn
    value = await result
/usr/local/lib/python3.12/site-packages/psycopg/cursor_async.py:89: in execute
    raise ex.with_traceback(None)
E   psycopg.errors.ForeignKeyViolation: insert or update on table "card" violates foreign key constraint "card_origin_country_id_fkey"
E   DETAIL:  Key (origin_country_id)=(1) is not present in table "country".

The above exception was the direct cause of the following exception:
/usr/local/lib/python3.12/site-packages/pytest_asyncio/plugin.py:369: in _async_fixture_wrapper
    return event_loop.run_until_complete(setup())
/usr/local/lib/python3.12/asyncio/base_events.py:691: in run_until_complete
    return future.result()
/usr/local/lib/python3.12/site-packages/pytest_asyncio/plugin.py:364: in setup
    res = await func(
tests/conftest.py:374: in test_card
    await test_db.commit()
/usr/local/lib/python3.12/site-packages/sqlalchemy/ext/asyncio/session.py:1000: in commit
    await greenlet_spawn(self.sync_session.commit)
/usr/local/lib/python3.12/site-packages/sqlalchemy/util/_concurrency_py3k.py:203: in greenlet_spawn
    result = context.switch(value)
/usr/local/lib/python3.12/site-packages/sqlalchemy/orm/session.py:2030: in commit
    trans.commit(_to_root=True)
/usr/local/lib/python3.12/site-packages/sqlalchemy/orm/state_changes.py:137: in _go
    ret_value = fn(self, *arg, **kw)
/usr/local/lib/python3.12/site-packages/sqlalchemy/orm/session.py:1311: in commit
    self._prepare_impl()
/usr/local/lib/python3.12/site-packages/sqlalchemy/orm/state_changes.py:137: in _go
    ret_value = fn(self, *arg, **kw)
/usr/local/lib/python3.12/site-packages/sqlalchemy/orm/session.py:1286: in _prepare_impl
    self.session.flush()
/usr/local/lib/python3.12/site-packages/sqlalchemy/orm/session.py:4331: in flush
    self._flush(objects)
/usr/local/lib/python3.12/site-packages/sqlalchemy/orm/session.py:4466: in _flush
    with util.safe_reraise():
/usr/local/lib/python3.12/site-packages/sqlalchemy/util/langhelpers.py:224: in __exit__
    raise exc_value.with_traceback(exc_tb)
/usr/local/lib/python3.12/site-packages/sqlalchemy/orm/session.py:4427: in _flush
    flush_context.execute()
/usr/local/lib/python3.12/site-packages/sqlalchemy/orm/unitofwork.py:466: in execute
    rec.execute(self)
/usr/local/lib/python3.12/site-packages/sqlalchemy/orm/unitofwork.py:642: in execute
    util.preloaded.orm_persistence.save_obj(
/usr/local/lib/python3.12/site-packages/sqlalchemy/orm/persistence.py:93: in save_obj
    _emit_insert_statements(
/usr/local/lib/python3.12/site-packages/sqlalchemy/orm/persistence.py:1233: in _emit_insert_statements
    result = connection.execute(
/usr/local/lib/python3.12/site-packages/sqlalchemy/engine/base.py:1419: in execute
    return meth(
/usr/local/lib/python3.12/site-packages/sqlalchemy/sql/elements.py:526: in _execute_on_connection
    return connection._execute_clauseelement(
/usr/local/lib/python3.12/site-packages/sqlalchemy/engine/base.py:1641: in _execute_clauseelement
    ret = self._execute_context(
/usr/local/lib/python3.12/site-packages/sqlalchemy/engine/base.py:1846: in _execute_context
    return self._exec_single_context(
/usr/local/lib/python3.12/site-packages/sqlalchemy/engine/base.py:1986: in _exec_single_context
    self._handle_dbapi_exception(
/usr/local/lib/python3.12/site-packages/sqlalchemy/engine/base.py:2355: in _handle_dbapi_exception
    raise sqlalchemy_exception.with_traceback(exc_info[2]) from e
/usr/local/lib/python3.12/site-packages/sqlalchemy/engine/base.py:1967: in _exec_single_context
    self.dialect.do_execute(
/usr/local/lib/python3.12/site-packages/sqlalchemy/engine/default.py:951: in do_execute
    cursor.execute(statement, parameters)
/usr/local/lib/python3.12/site-packages/sqlalchemy/dialects/postgresql/psycopg.py:597: in execute
    result = self.await_(self._cursor.execute(query, params, **kw))
/usr/local/lib/python3.12/site-packages/sqlalchemy/util/_concurrency_py3k.py:132: in await_only
    return current.parent.switch(awaitable)  # type: ignore[no-any-return,attr-defined] # noqa: E501
/usr/local/lib/python3.12/site-packages/sqlalchemy/util/_concurrency_py3k.py:196: in greenlet_spawn
    value = await result
/usr/local/lib/python3.12/site-packages/psycopg/cursor_async.py:89: in execute
    raise ex.with_traceback(None)
E   sqlalchemy.exc.IntegrityError: (psycopg.errors.ForeignKeyViolation) insert or update on table "card" violates foreign key constraint "card_origin_country_id_fkey"
E   DETAIL:  Key (origin_country_id)=(1) is not present in table "country".
E   [SQL: INSERT INTO card (owner_id, origin_country_id, origin_city_id, destination_country_id, destination_city_id, product_classification_id, is_sender, start_time_frame, end_time_frame, ticket_date_time, weight, is_packed, price_aed, description) VALUES (%(owner_id)s::INTEGER, %(origin_country_id)s::INTEGER, %(origin_city_id)s::INTEGER, %(destination_country_id)s::INTEGER, %(destination_city_id)s::INTEGER, %(product_classification_id)s::INTEGER, %(is_sender)s, %(start_time_frame)s::TIMESTAMP WITH TIME ZONE, %(end_time_frame)s::TIMESTAMP WITH TIME ZONE, %(ticket_date_time)s::TIMESTAMP WITH TIME ZONE, %(weight)s, %(is_packed)s, %(price_aed)s, %(description)s::VARCHAR) RETURNING card.id, card.created_at, card.updated_at]
E   [parameters: {'owner_id': 1, 'origin_country_id': 1, 'origin_city_id': 1, 'destination_country_id': 2, 'destination_city_id': 2, 'product_classification_id': None, 'is_sender': False, 'start_time_frame': None, 'end_time_frame': None, 'ticket_date_time': datetime.datetime(2025, 11, 9, 15, 56, 52, 265675), 'weight': 5.0, 'is_packed': None, 'price_aed': None, 'description': 'Test card for unit tests'}]
E   (Background on this error at: https://sqlalche.me/e/20/gkpj)
________ ERROR at setup of TestGetCards.test_get_cards_multiple_filters ________
/usr/local/lib/python3.12/site-packages/sqlalchemy/engine/base.py:1967: in _exec_single_context
    self.dialect.do_execute(
/usr/local/lib/python3.12/site-packages/sqlalchemy/engine/default.py:951: in do_execute
    cursor.execute(statement, parameters)
/usr/local/lib/python3.12/site-packages/sqlalchemy/dialects/postgresql/psycopg.py:597: in execute
    result = self.await_(self._cursor.execute(query, params, **kw))
/usr/local/lib/python3.12/site-packages/sqlalchemy/util/_concurrency_py3k.py:132: in await_only
    return current.parent.switch(awaitable)  # type: ignore[no-any-return,attr-defined] # noqa: E501
/usr/local/lib/python3.12/site-packages/sqlalchemy/util/_concurrency_py3k.py:196: in greenlet_spawn
    value = await result
/usr/local/lib/python3.12/site-packages/psycopg/cursor_async.py:89: in execute
    raise ex.with_traceback(None)
E   psycopg.errors.ForeignKeyViolation: insert or update on table "card" violates foreign key constraint "card_origin_country_id_fkey"
E   DETAIL:  Key (origin_country_id)=(1) is not present in table "country".

The above exception was the direct cause of the following exception:
/usr/local/lib/python3.12/site-packages/pytest_asyncio/plugin.py:369: in _async_fixture_wrapper
    return event_loop.run_until_complete(setup())
/usr/local/lib/python3.12/asyncio/base_events.py:691: in run_until_complete
    return future.result()
/usr/local/lib/python3.12/site-packages/pytest_asyncio/plugin.py:364: in setup
    res = await func(
tests/conftest.py:374: in test_card
    await test_db.commit()
/usr/local/lib/python3.12/site-packages/sqlalchemy/ext/asyncio/session.py:1000: in commit
    await greenlet_spawn(self.sync_session.commit)
/usr/local/lib/python3.12/site-packages/sqlalchemy/util/_concurrency_py3k.py:203: in greenlet_spawn
    result = context.switch(value)
/usr/local/lib/python3.12/site-packages/sqlalchemy/orm/session.py:2030: in commit
    trans.commit(_to_root=True)
/usr/local/lib/python3.12/site-packages/sqlalchemy/orm/state_changes.py:137: in _go
    ret_value = fn(self, *arg, **kw)
/usr/local/lib/python3.12/site-packages/sqlalchemy/orm/session.py:1311: in commit
    self._prepare_impl()
/usr/local/lib/python3.12/site-packages/sqlalchemy/orm/state_changes.py:137: in _go
    ret_value = fn(self, *arg, **kw)
/usr/local/lib/python3.12/site-packages/sqlalchemy/orm/session.py:1286: in _prepare_impl
    self.session.flush()
/usr/local/lib/python3.12/site-packages/sqlalchemy/orm/session.py:4331: in flush
    self._flush(objects)
/usr/local/lib/python3.12/site-packages/sqlalchemy/orm/session.py:4466: in _flush
    with util.safe_reraise():
/usr/local/lib/python3.12/site-packages/sqlalchemy/util/langhelpers.py:224: in __exit__
    raise exc_value.with_traceback(exc_tb)
/usr/local/lib/python3.12/site-packages/sqlalchemy/orm/session.py:4427: in _flush
    flush_context.execute()
/usr/local/lib/python3.12/site-packages/sqlalchemy/orm/unitofwork.py:466: in execute
    rec.execute(self)
/usr/local/lib/python3.12/site-packages/sqlalchemy/orm/unitofwork.py:642: in execute
    util.preloaded.orm_persistence.save_obj(
/usr/local/lib/python3.12/site-packages/sqlalchemy/orm/persistence.py:93: in save_obj
    _emit_insert_statements(
/usr/local/lib/python3.12/site-packages/sqlalchemy/orm/persistence.py:1233: in _emit_insert_statements
    result = connection.execute(
/usr/local/lib/python3.12/site-packages/sqlalchemy/engine/base.py:1419: in execute
    return meth(
/usr/local/lib/python3.12/site-packages/sqlalchemy/sql/elements.py:526: in _execute_on_connection
    return connection._execute_clauseelement(
/usr/local/lib/python3.12/site-packages/sqlalchemy/engine/base.py:1641: in _execute_clauseelement
    ret = self._execute_context(
/usr/local/lib/python3.12/site-packages/sqlalchemy/engine/base.py:1846: in _execute_context
    return self._exec_single_context(
/usr/local/lib/python3.12/site-packages/sqlalchemy/engine/base.py:1986: in _exec_single_context
    self._handle_dbapi_exception(
/usr/local/lib/python3.12/site-packages/sqlalchemy/engine/base.py:2355: in _handle_dbapi_exception
    raise sqlalchemy_exception.with_traceback(exc_info[2]) from e
/usr/local/lib/python3.12/site-packages/sqlalchemy/engine/base.py:1967: in _exec_single_context
    self.dialect.do_execute(
/usr/local/lib/python3.12/site-packages/sqlalchemy/engine/default.py:951: in do_execute
    cursor.execute(statement, parameters)
/usr/local/lib/python3.12/site-packages/sqlalchemy/dialects/postgresql/psycopg.py:597: in execute
    result = self.await_(self._cursor.execute(query, params, **kw))
/usr/local/lib/python3.12/site-packages/sqlalchemy/util/_concurrency_py3k.py:132: in await_only
    return current.parent.switch(awaitable)  # type: ignore[no-any-return,attr-defined] # noqa: E501
/usr/local/lib/python3.12/site-packages/sqlalchemy/util/_concurrency_py3k.py:196: in greenlet_spawn
    value = await result
/usr/local/lib/python3.12/site-packages/psycopg/cursor_async.py:89: in execute
    raise ex.with_traceback(None)
E   sqlalchemy.exc.IntegrityError: (psycopg.errors.ForeignKeyViolation) insert or update on table "card" violates foreign key constraint "card_origin_country_id_fkey"
E   DETAIL:  Key (origin_country_id)=(1) is not present in table "country".
E   [SQL: INSERT INTO card (owner_id, origin_country_id, origin_city_id, destination_country_id, destination_city_id, product_classification_id, is_sender, start_time_frame, end_time_frame, ticket_date_time, weight, is_packed, price_aed, description) VALUES (%(owner_id)s::INTEGER, %(origin_country_id)s::INTEGER, %(origin_city_id)s::INTEGER, %(destination_country_id)s::INTEGER, %(destination_city_id)s::INTEGER, %(product_classification_id)s::INTEGER, %(is_sender)s, %(start_time_frame)s::TIMESTAMP WITH TIME ZONE, %(end_time_frame)s::TIMESTAMP WITH TIME ZONE, %(ticket_date_time)s::TIMESTAMP WITH TIME ZONE, %(weight)s, %(is_packed)s, %(price_aed)s, %(description)s::VARCHAR) RETURNING card.id, card.created_at, card.updated_at]
E   [parameters: {'owner_id': 1, 'origin_country_id': 1, 'origin_city_id': 1, 'destination_country_id': 2, 'destination_city_id': 2, 'product_classification_id': None, 'is_sender': False, 'start_time_frame': None, 'end_time_frame': None, 'ticket_date_time': datetime.datetime(2025, 11, 9, 15, 56, 52, 542503), 'weight': 5.0, 'is_packed': None, 'price_aed': None, 'description': 'Test card for unit tests'}]
E   (Background on this error at: https://sqlalche.me/e/20/gkpj)
_____ ERROR at setup of TestCreateCard.test_create_card_with_community_ids _____
/usr/local/lib/python3.12/site-packages/pytest_asyncio/plugin.py:369: in _async_fixture_wrapper
    return event_loop.run_until_complete(setup())
/usr/local/lib/python3.12/asyncio/base_events.py:691: in run_until_complete
    return future.result()
/usr/local/lib/python3.12/site-packages/pytest_asyncio/plugin.py:364: in setup
    res = await func(
tests/conftest.py:238: in test_community
    from app.models.role import MembershipRole
E   ImportError: cannot import name 'MembershipRole' from 'app.models.role' (/app/app/models/role.py)
_____________ ERROR at setup of TestGetCard.test_get_card_success ______________
/usr/local/lib/python3.12/site-packages/sqlalchemy/engine/base.py:1967: in _exec_single_context
    self.dialect.do_execute(
/usr/local/lib/python3.12/site-packages/sqlalchemy/engine/default.py:951: in do_execute
    cursor.execute(statement, parameters)
/usr/local/lib/python3.12/site-packages/sqlalchemy/dialects/postgresql/psycopg.py:597: in execute
    result = self.await_(self._cursor.execute(query, params, **kw))
/usr/local/lib/python3.12/site-packages/sqlalchemy/util/_concurrency_py3k.py:132: in await_only
    return current.parent.switch(awaitable)  # type: ignore[no-any-return,attr-defined] # noqa: E501
/usr/local/lib/python3.12/site-packages/sqlalchemy/util/_concurrency_py3k.py:196: in greenlet_spawn
    value = await result
/usr/local/lib/python3.12/site-packages/psycopg/cursor_async.py:89: in execute
    raise ex.with_traceback(None)
E   psycopg.errors.ForeignKeyViolation: insert or update on table "card" violates foreign key constraint "card_origin_country_id_fkey"
E   DETAIL:  Key (origin_country_id)=(1) is not present in table "country".

The above exception was the direct cause of the following exception:
/usr/local/lib/python3.12/site-packages/pytest_asyncio/plugin.py:369: in _async_fixture_wrapper
    return event_loop.run_until_complete(setup())
/usr/local/lib/python3.12/asyncio/base_events.py:691: in run_until_complete
    return future.result()
/usr/local/lib/python3.12/site-packages/pytest_asyncio/plugin.py:364: in setup
    res = await func(
tests/conftest.py:374: in test_card
    await test_db.commit()
/usr/local/lib/python3.12/site-packages/sqlalchemy/ext/asyncio/session.py:1000: in commit
    await greenlet_spawn(self.sync_session.commit)
/usr/local/lib/python3.12/site-packages/sqlalchemy/util/_concurrency_py3k.py:203: in greenlet_spawn
    result = context.switch(value)
/usr/local/lib/python3.12/site-packages/sqlalchemy/orm/session.py:2030: in commit
    trans.commit(_to_root=True)
/usr/local/lib/python3.12/site-packages/sqlalchemy/orm/state_changes.py:137: in _go
    ret_value = fn(self, *arg, **kw)
/usr/local/lib/python3.12/site-packages/sqlalchemy/orm/session.py:1311: in commit
    self._prepare_impl()
/usr/local/lib/python3.12/site-packages/sqlalchemy/orm/state_changes.py:137: in _go
    ret_value = fn(self, *arg, **kw)
/usr/local/lib/python3.12/site-packages/sqlalchemy/orm/session.py:1286: in _prepare_impl
    self.session.flush()
/usr/local/lib/python3.12/site-packages/sqlalchemy/orm/session.py:4331: in flush
    self._flush(objects)
/usr/local/lib/python3.12/site-packages/sqlalchemy/orm/session.py:4466: in _flush
    with util.safe_reraise():
/usr/local/lib/python3.12/site-packages/sqlalchemy/util/langhelpers.py:224: in __exit__
    raise exc_value.with_traceback(exc_tb)
/usr/local/lib/python3.12/site-packages/sqlalchemy/orm/session.py:4427: in _flush
    flush_context.execute()
/usr/local/lib/python3.12/site-packages/sqlalchemy/orm/unitofwork.py:466: in execute
    rec.execute(self)
/usr/local/lib/python3.12/site-packages/sqlalchemy/orm/unitofwork.py:642: in execute
    util.preloaded.orm_persistence.save_obj(
/usr/local/lib/python3.12/site-packages/sqlalchemy/orm/persistence.py:93: in save_obj
    _emit_insert_statements(
/usr/local/lib/python3.12/site-packages/sqlalchemy/orm/persistence.py:1233: in _emit_insert_statements
    result = connection.execute(
/usr/local/lib/python3.12/site-packages/sqlalchemy/engine/base.py:1419: in execute
    return meth(
/usr/local/lib/python3.12/site-packages/sqlalchemy/sql/elements.py:526: in _execute_on_connection
    return connection._execute_clauseelement(
/usr/local/lib/python3.12/site-packages/sqlalchemy/engine/base.py:1641: in _execute_clauseelement
    ret = self._execute_context(
/usr/local/lib/python3.12/site-packages/sqlalchemy/engine/base.py:1846: in _execute_context
    return self._exec_single_context(
/usr/local/lib/python3.12/site-packages/sqlalchemy/engine/base.py:1986: in _exec_single_context
    self._handle_dbapi_exception(
/usr/local/lib/python3.12/site-packages/sqlalchemy/engine/base.py:2355: in _handle_dbapi_exception
    raise sqlalchemy_exception.with_traceback(exc_info[2]) from e
/usr/local/lib/python3.12/site-packages/sqlalchemy/engine/base.py:1967: in _exec_single_context
    self.dialect.do_execute(
/usr/local/lib/python3.12/site-packages/sqlalchemy/engine/default.py:951: in do_execute
    cursor.execute(statement, parameters)
/usr/local/lib/python3.12/site-packages/sqlalchemy/dialects/postgresql/psycopg.py:597: in execute
    result = self.await_(self._cursor.execute(query, params, **kw))
/usr/local/lib/python3.12/site-packages/sqlalchemy/util/_concurrency_py3k.py:132: in await_only
    return current.parent.switch(awaitable)  # type: ignore[no-any-return,attr-defined] # noqa: E501
/usr/local/lib/python3.12/site-packages/sqlalchemy/util/_concurrency_py3k.py:196: in greenlet_spawn
    value = await result
/usr/local/lib/python3.12/site-packages/psycopg/cursor_async.py:89: in execute
    raise ex.with_traceback(None)
E   sqlalchemy.exc.IntegrityError: (psycopg.errors.ForeignKeyViolation) insert or update on table "card" violates foreign key constraint "card_origin_country_id_fkey"
E   DETAIL:  Key (origin_country_id)=(1) is not present in table "country".
E   [SQL: INSERT INTO card (owner_id, origin_country_id, origin_city_id, destination_country_id, destination_city_id, product_classification_id, is_sender, start_time_frame, end_time_frame, ticket_date_time, weight, is_packed, price_aed, description) VALUES (%(owner_id)s::INTEGER, %(origin_country_id)s::INTEGER, %(origin_city_id)s::INTEGER, %(destination_country_id)s::INTEGER, %(destination_city_id)s::INTEGER, %(product_classification_id)s::INTEGER, %(is_sender)s, %(start_time_frame)s::TIMESTAMP WITH TIME ZONE, %(end_time_frame)s::TIMESTAMP WITH TIME ZONE, %(ticket_date_time)s::TIMESTAMP WITH TIME ZONE, %(weight)s, %(is_packed)s, %(price_aed)s, %(description)s::VARCHAR) RETURNING card.id, card.created_at, card.updated_at]
E   [parameters: {'owner_id': 1, 'origin_country_id': 1, 'origin_city_id': 1, 'destination_country_id': 2, 'destination_city_id': 2, 'product_classification_id': None, 'is_sender': False, 'start_time_frame': None, 'end_time_frame': None, 'ticket_date_time': datetime.datetime(2025, 11, 9, 15, 56, 53, 810942), 'weight': 5.0, 'is_packed': None, 'price_aed': None, 'description': 'Test card for unit tests'}]
E   (Background on this error at: https://sqlalche.me/e/20/gkpj)
__________ ERROR at setup of TestUpdateCard.test_update_card_by_owner __________
/usr/local/lib/python3.12/site-packages/sqlalchemy/engine/base.py:1967: in _exec_single_context
    self.dialect.do_execute(
/usr/local/lib/python3.12/site-packages/sqlalchemy/engine/default.py:951: in do_execute
    cursor.execute(statement, parameters)
/usr/local/lib/python3.12/site-packages/sqlalchemy/dialects/postgresql/psycopg.py:597: in execute
    result = self.await_(self._cursor.execute(query, params, **kw))
/usr/local/lib/python3.12/site-packages/sqlalchemy/util/_concurrency_py3k.py:132: in await_only
    return current.parent.switch(awaitable)  # type: ignore[no-any-return,attr-defined] # noqa: E501
/usr/local/lib/python3.12/site-packages/sqlalchemy/util/_concurrency_py3k.py:196: in greenlet_spawn
    value = await result
/usr/local/lib/python3.12/site-packages/psycopg/cursor_async.py:89: in execute
    raise ex.with_traceback(None)
E   psycopg.errors.ForeignKeyViolation: insert or update on table "card" violates foreign key constraint "card_origin_country_id_fkey"
E   DETAIL:  Key (origin_country_id)=(1) is not present in table "country".

The above exception was the direct cause of the following exception:
/usr/local/lib/python3.12/site-packages/pytest_asyncio/plugin.py:369: in _async_fixture_wrapper
    return event_loop.run_until_complete(setup())
/usr/local/lib/python3.12/asyncio/base_events.py:691: in run_until_complete
    return future.result()
/usr/local/lib/python3.12/site-packages/pytest_asyncio/plugin.py:364: in setup
    res = await func(
tests/conftest.py:374: in test_card
    await test_db.commit()
/usr/local/lib/python3.12/site-packages/sqlalchemy/ext/asyncio/session.py:1000: in commit
    await greenlet_spawn(self.sync_session.commit)
/usr/local/lib/python3.12/site-packages/sqlalchemy/util/_concurrency_py3k.py:203: in greenlet_spawn
    result = context.switch(value)
/usr/local/lib/python3.12/site-packages/sqlalchemy/orm/session.py:2030: in commit
    trans.commit(_to_root=True)
/usr/local/lib/python3.12/site-packages/sqlalchemy/orm/state_changes.py:137: in _go
    ret_value = fn(self, *arg, **kw)
/usr/local/lib/python3.12/site-packages/sqlalchemy/orm/session.py:1311: in commit
    self._prepare_impl()
/usr/local/lib/python3.12/site-packages/sqlalchemy/orm/state_changes.py:137: in _go
    ret_value = fn(self, *arg, **kw)
/usr/local/lib/python3.12/site-packages/sqlalchemy/orm/session.py:1286: in _prepare_impl
    self.session.flush()
/usr/local/lib/python3.12/site-packages/sqlalchemy/orm/session.py:4331: in flush
    self._flush(objects)
/usr/local/lib/python3.12/site-packages/sqlalchemy/orm/session.py:4466: in _flush
    with util.safe_reraise():
/usr/local/lib/python3.12/site-packages/sqlalchemy/util/langhelpers.py:224: in __exit__
    raise exc_value.with_traceback(exc_tb)
/usr/local/lib/python3.12/site-packages/sqlalchemy/orm/session.py:4427: in _flush
    flush_context.execute()
/usr/local/lib/python3.12/site-packages/sqlalchemy/orm/unitofwork.py:466: in execute
    rec.execute(self)
/usr/local/lib/python3.12/site-packages/sqlalchemy/orm/unitofwork.py:642: in execute
    util.preloaded.orm_persistence.save_obj(
/usr/local/lib/python3.12/site-packages/sqlalchemy/orm/persistence.py:93: in save_obj
    _emit_insert_statements(
/usr/local/lib/python3.12/site-packages/sqlalchemy/orm/persistence.py:1233: in _emit_insert_statements
    result = connection.execute(
/usr/local/lib/python3.12/site-packages/sqlalchemy/engine/base.py:1419: in execute
    return meth(
/usr/local/lib/python3.12/site-packages/sqlalchemy/sql/elements.py:526: in _execute_on_connection
    return connection._execute_clauseelement(
/usr/local/lib/python3.12/site-packages/sqlalchemy/engine/base.py:1641: in _execute_clauseelement
    ret = self._execute_context(
/usr/local/lib/python3.12/site-packages/sqlalchemy/engine/base.py:1846: in _execute_context
    return self._exec_single_context(
/usr/local/lib/python3.12/site-packages/sqlalchemy/engine/base.py:1986: in _exec_single_context
    self._handle_dbapi_exception(
/usr/local/lib/python3.12/site-packages/sqlalchemy/engine/base.py:2355: in _handle_dbapi_exception
    raise sqlalchemy_exception.with_traceback(exc_info[2]) from e
/usr/local/lib/python3.12/site-packages/sqlalchemy/engine/base.py:1967: in _exec_single_context
    self.dialect.do_execute(
/usr/local/lib/python3.12/site-packages/sqlalchemy/engine/default.py:951: in do_execute
    cursor.execute(statement, parameters)
/usr/local/lib/python3.12/site-packages/sqlalchemy/dialects/postgresql/psycopg.py:597: in execute
    result = self.await_(self._cursor.execute(query, params, **kw))
/usr/local/lib/python3.12/site-packages/sqlalchemy/util/_concurrency_py3k.py:132: in await_only
    return current.parent.switch(awaitable)  # type: ignore[no-any-return,attr-defined] # noqa: E501
/usr/local/lib/python3.12/site-packages/sqlalchemy/util/_concurrency_py3k.py:196: in greenlet_spawn
    value = await result
/usr/local/lib/python3.12/site-packages/psycopg/cursor_async.py:89: in execute
    raise ex.with_traceback(None)
E   sqlalchemy.exc.IntegrityError: (psycopg.errors.ForeignKeyViolation) insert or update on table "card" violates foreign key constraint "card_origin_country_id_fkey"
E   DETAIL:  Key (origin_country_id)=(1) is not present in table "country".
E   [SQL: INSERT INTO card (owner_id, origin_country_id, origin_city_id, destination_country_id, destination_city_id, product_classification_id, is_sender, start_time_frame, end_time_frame, ticket_date_time, weight, is_packed, price_aed, description) VALUES (%(owner_id)s::INTEGER, %(origin_country_id)s::INTEGER, %(origin_city_id)s::INTEGER, %(destination_country_id)s::INTEGER, %(destination_city_id)s::INTEGER, %(product_classification_id)s::INTEGER, %(is_sender)s, %(start_time_frame)s::TIMESTAMP WITH TIME ZONE, %(end_time_frame)s::TIMESTAMP WITH TIME ZONE, %(ticket_date_time)s::TIMESTAMP WITH TIME ZONE, %(weight)s, %(is_packed)s, %(price_aed)s, %(description)s::VARCHAR) RETURNING card.id, card.created_at, card.updated_at]
E   [parameters: {'owner_id': 1, 'origin_country_id': 1, 'origin_city_id': 1, 'destination_country_id': 2, 'destination_city_id': 2, 'product_classification_id': None, 'is_sender': False, 'start_time_frame': None, 'end_time_frame': None, 'ticket_date_time': datetime.datetime(2025, 11, 9, 15, 56, 54, 207356), 'weight': 5.0, 'is_packed': None, 'price_aed': None, 'description': 'Test card for unit tests'}]
E   (Background on this error at: https://sqlalche.me/e/20/gkpj)
________ ERROR at setup of TestUpdateCard.test_update_card_by_non_owner ________
/usr/local/lib/python3.12/site-packages/sqlalchemy/engine/base.py:1967: in _exec_single_context
    self.dialect.do_execute(
/usr/local/lib/python3.12/site-packages/sqlalchemy/engine/default.py:951: in do_execute
    cursor.execute(statement, parameters)
/usr/local/lib/python3.12/site-packages/sqlalchemy/dialects/postgresql/psycopg.py:597: in execute
    result = self.await_(self._cursor.execute(query, params, **kw))
/usr/local/lib/python3.12/site-packages/sqlalchemy/util/_concurrency_py3k.py:132: in await_only
    return current.parent.switch(awaitable)  # type: ignore[no-any-return,attr-defined] # noqa: E501
/usr/local/lib/python3.12/site-packages/sqlalchemy/util/_concurrency_py3k.py:196: in greenlet_spawn
    value = await result
/usr/local/lib/python3.12/site-packages/psycopg/cursor_async.py:89: in execute
    raise ex.with_traceback(None)
E   psycopg.errors.ForeignKeyViolation: insert or update on table "card" violates foreign key constraint "card_origin_country_id_fkey"
E   DETAIL:  Key (origin_country_id)=(1) is not present in table "country".

The above exception was the direct cause of the following exception:
/usr/local/lib/python3.12/site-packages/pytest_asyncio/plugin.py:369: in _async_fixture_wrapper
    return event_loop.run_until_complete(setup())
/usr/local/lib/python3.12/asyncio/base_events.py:691: in run_until_complete
    return future.result()
/usr/local/lib/python3.12/site-packages/pytest_asyncio/plugin.py:364: in setup
    res = await func(
tests/conftest.py:374: in test_card
    await test_db.commit()
/usr/local/lib/python3.12/site-packages/sqlalchemy/ext/asyncio/session.py:1000: in commit
    await greenlet_spawn(self.sync_session.commit)
/usr/local/lib/python3.12/site-packages/sqlalchemy/util/_concurrency_py3k.py:203: in greenlet_spawn
    result = context.switch(value)
/usr/local/lib/python3.12/site-packages/sqlalchemy/orm/session.py:2030: in commit
    trans.commit(_to_root=True)
/usr/local/lib/python3.12/site-packages/sqlalchemy/orm/state_changes.py:137: in _go
    ret_value = fn(self, *arg, **kw)
/usr/local/lib/python3.12/site-packages/sqlalchemy/orm/session.py:1311: in commit
    self._prepare_impl()
/usr/local/lib/python3.12/site-packages/sqlalchemy/orm/state_changes.py:137: in _go
    ret_value = fn(self, *arg, **kw)
/usr/local/lib/python3.12/site-packages/sqlalchemy/orm/session.py:1286: in _prepare_impl
    self.session.flush()
/usr/local/lib/python3.12/site-packages/sqlalchemy/orm/session.py:4331: in flush
    self._flush(objects)
/usr/local/lib/python3.12/site-packages/sqlalchemy/orm/session.py:4466: in _flush
    with util.safe_reraise():
/usr/local/lib/python3.12/site-packages/sqlalchemy/util/langhelpers.py:224: in __exit__
    raise exc_value.with_traceback(exc_tb)
/usr/local/lib/python3.12/site-packages/sqlalchemy/orm/session.py:4427: in _flush
    flush_context.execute()
/usr/local/lib/python3.12/site-packages/sqlalchemy/orm/unitofwork.py:466: in execute
    rec.execute(self)
/usr/local/lib/python3.12/site-packages/sqlalchemy/orm/unitofwork.py:642: in execute
    util.preloaded.orm_persistence.save_obj(
/usr/local/lib/python3.12/site-packages/sqlalchemy/orm/persistence.py:93: in save_obj
    _emit_insert_statements(
/usr/local/lib/python3.12/site-packages/sqlalchemy/orm/persistence.py:1233: in _emit_insert_statements
    result = connection.execute(
/usr/local/lib/python3.12/site-packages/sqlalchemy/engine/base.py:1419: in execute
    return meth(
/usr/local/lib/python3.12/site-packages/sqlalchemy/sql/elements.py:526: in _execute_on_connection
    return connection._execute_clauseelement(
/usr/local/lib/python3.12/site-packages/sqlalchemy/engine/base.py:1641: in _execute_clauseelement
    ret = self._execute_context(
/usr/local/lib/python3.12/site-packages/sqlalchemy/engine/base.py:1846: in _execute_context
    return self._exec_single_context(
/usr/local/lib/python3.12/site-packages/sqlalchemy/engine/base.py:1986: in _exec_single_context
    self._handle_dbapi_exception(
/usr/local/lib/python3.12/site-packages/sqlalchemy/engine/base.py:2355: in _handle_dbapi_exception
    raise sqlalchemy_exception.with_traceback(exc_info[2]) from e
/usr/local/lib/python3.12/site-packages/sqlalchemy/engine/base.py:1967: in _exec_single_context
    self.dialect.do_execute(
/usr/local/lib/python3.12/site-packages/sqlalchemy/engine/default.py:951: in do_execute
    cursor.execute(statement, parameters)
/usr/local/lib/python3.12/site-packages/sqlalchemy/dialects/postgresql/psycopg.py:597: in execute
    result = self.await_(self._cursor.execute(query, params, **kw))
/usr/local/lib/python3.12/site-packages/sqlalchemy/util/_concurrency_py3k.py:132: in await_only
    return current.parent.switch(awaitable)  # type: ignore[no-any-return,attr-defined] # noqa: E501
/usr/local/lib/python3.12/site-packages/sqlalchemy/util/_concurrency_py3k.py:196: in greenlet_spawn
    value = await result
/usr/local/lib/python3.12/site-packages/psycopg/cursor_async.py:89: in execute
    raise ex.with_traceback(None)
E   sqlalchemy.exc.IntegrityError: (psycopg.errors.ForeignKeyViolation) insert or update on table "card" violates foreign key constraint "card_origin_country_id_fkey"
E   DETAIL:  Key (origin_country_id)=(1) is not present in table "country".
E   [SQL: INSERT INTO card (owner_id, origin_country_id, origin_city_id, destination_country_id, destination_city_id, product_classification_id, is_sender, start_time_frame, end_time_frame, ticket_date_time, weight, is_packed, price_aed, description) VALUES (%(owner_id)s::INTEGER, %(origin_country_id)s::INTEGER, %(origin_city_id)s::INTEGER, %(destination_country_id)s::INTEGER, %(destination_city_id)s::INTEGER, %(product_classification_id)s::INTEGER, %(is_sender)s, %(start_time_frame)s::TIMESTAMP WITH TIME ZONE, %(end_time_frame)s::TIMESTAMP WITH TIME ZONE, %(ticket_date_time)s::TIMESTAMP WITH TIME ZONE, %(weight)s, %(is_packed)s, %(price_aed)s, %(description)s::VARCHAR) RETURNING card.id, card.created_at, card.updated_at]
E   [parameters: {'owner_id': 1, 'origin_country_id': 1, 'origin_city_id': 1, 'destination_country_id': 2, 'destination_city_id': 2, 'product_classification_id': None, 'is_sender': False, 'start_time_frame': None, 'end_time_frame': None, 'ticket_date_time': datetime.datetime(2025, 11, 9, 15, 56, 54, 530228), 'weight': 5.0, 'is_packed': None, 'price_aed': None, 'description': 'Test card for unit tests'}]
E   (Background on this error at: https://sqlalche.me/e/20/gkpj)
________ ERROR at setup of TestUpdateCard.test_update_card_without_auth ________
/usr/local/lib/python3.12/site-packages/sqlalchemy/engine/base.py:1967: in _exec_single_context
    self.dialect.do_execute(
/usr/local/lib/python3.12/site-packages/sqlalchemy/engine/default.py:951: in do_execute
    cursor.execute(statement, parameters)
/usr/local/lib/python3.12/site-packages/sqlalchemy/dialects/postgresql/psycopg.py:597: in execute
    result = self.await_(self._cursor.execute(query, params, **kw))
/usr/local/lib/python3.12/site-packages/sqlalchemy/util/_concurrency_py3k.py:132: in await_only
    return current.parent.switch(awaitable)  # type: ignore[no-any-return,attr-defined] # noqa: E501
/usr/local/lib/python3.12/site-packages/sqlalchemy/util/_concurrency_py3k.py:196: in greenlet_spawn
    value = await result
/usr/local/lib/python3.12/site-packages/psycopg/cursor_async.py:89: in execute
    raise ex.with_traceback(None)
E   psycopg.errors.ForeignKeyViolation: insert or update on table "card" violates foreign key constraint "card_origin_country_id_fkey"
E   DETAIL:  Key (origin_country_id)=(1) is not present in table "country".

The above exception was the direct cause of the following exception:
/usr/local/lib/python3.12/site-packages/pytest_asyncio/plugin.py:369: in _async_fixture_wrapper
    return event_loop.run_until_complete(setup())
/usr/local/lib/python3.12/asyncio/base_events.py:691: in run_until_complete
    return future.result()
/usr/local/lib/python3.12/site-packages/pytest_asyncio/plugin.py:364: in setup
    res = await func(
tests/conftest.py:374: in test_card
    await test_db.commit()
/usr/local/lib/python3.12/site-packages/sqlalchemy/ext/asyncio/session.py:1000: in commit
    await greenlet_spawn(self.sync_session.commit)
/usr/local/lib/python3.12/site-packages/sqlalchemy/util/_concurrency_py3k.py:203: in greenlet_spawn
    result = context.switch(value)
/usr/local/lib/python3.12/site-packages/sqlalchemy/orm/session.py:2030: in commit
    trans.commit(_to_root=True)
/usr/local/lib/python3.12/site-packages/sqlalchemy/orm/state_changes.py:137: in _go
    ret_value = fn(self, *arg, **kw)
/usr/local/lib/python3.12/site-packages/sqlalchemy/orm/session.py:1311: in commit
    self._prepare_impl()
/usr/local/lib/python3.12/site-packages/sqlalchemy/orm/state_changes.py:137: in _go
    ret_value = fn(self, *arg, **kw)
/usr/local/lib/python3.12/site-packages/sqlalchemy/orm/session.py:1286: in _prepare_impl
    self.session.flush()
/usr/local/lib/python3.12/site-packages/sqlalchemy/orm/session.py:4331: in flush
    self._flush(objects)
/usr/local/lib/python3.12/site-packages/sqlalchemy/orm/session.py:4466: in _flush
    with util.safe_reraise():
/usr/local/lib/python3.12/site-packages/sqlalchemy/util/langhelpers.py:224: in __exit__
    raise exc_value.with_traceback(exc_tb)
/usr/local/lib/python3.12/site-packages/sqlalchemy/orm/session.py:4427: in _flush
    flush_context.execute()
/usr/local/lib/python3.12/site-packages/sqlalchemy/orm/unitofwork.py:466: in execute
    rec.execute(self)
/usr/local/lib/python3.12/site-packages/sqlalchemy/orm/unitofwork.py:642: in execute
    util.preloaded.orm_persistence.save_obj(
/usr/local/lib/python3.12/site-packages/sqlalchemy/orm/persistence.py:93: in save_obj
    _emit_insert_statements(
/usr/local/lib/python3.12/site-packages/sqlalchemy/orm/persistence.py:1233: in _emit_insert_statements
    result = connection.execute(
/usr/local/lib/python3.12/site-packages/sqlalchemy/engine/base.py:1419: in execute
    return meth(
/usr/local/lib/python3.12/site-packages/sqlalchemy/sql/elements.py:526: in _execute_on_connection
    return connection._execute_clauseelement(
/usr/local/lib/python3.12/site-packages/sqlalchemy/engine/base.py:1641: in _execute_clauseelement
    ret = self._execute_context(
/usr/local/lib/python3.12/site-packages/sqlalchemy/engine/base.py:1846: in _execute_context
    return self._exec_single_context(
/usr/local/lib/python3.12/site-packages/sqlalchemy/engine/base.py:1986: in _exec_single_context
    self._handle_dbapi_exception(
/usr/local/lib/python3.12/site-packages/sqlalchemy/engine/base.py:2355: in _handle_dbapi_exception
    raise sqlalchemy_exception.with_traceback(exc_info[2]) from e
/usr/local/lib/python3.12/site-packages/sqlalchemy/engine/base.py:1967: in _exec_single_context
    self.dialect.do_execute(
/usr/local/lib/python3.12/site-packages/sqlalchemy/engine/default.py:951: in do_execute
    cursor.execute(statement, parameters)
/usr/local/lib/python3.12/site-packages/sqlalchemy/dialects/postgresql/psycopg.py:597: in execute
    result = self.await_(self._cursor.execute(query, params, **kw))
/usr/local/lib/python3.12/site-packages/sqlalchemy/util/_concurrency_py3k.py:132: in await_only
    return current.parent.switch(awaitable)  # type: ignore[no-any-return,attr-defined] # noqa: E501
/usr/local/lib/python3.12/site-packages/sqlalchemy/util/_concurrency_py3k.py:196: in greenlet_spawn
    value = await result
/usr/local/lib/python3.12/site-packages/psycopg/cursor_async.py:89: in execute
    raise ex.with_traceback(None)
E   sqlalchemy.exc.IntegrityError: (psycopg.errors.ForeignKeyViolation) insert or update on table "card" violates foreign key constraint "card_origin_country_id_fkey"
E   DETAIL:  Key (origin_country_id)=(1) is not present in table "country".
E   [SQL: INSERT INTO card (owner_id, origin_country_id, origin_city_id, destination_country_id, destination_city_id, product_classification_id, is_sender, start_time_frame, end_time_frame, ticket_date_time, weight, is_packed, price_aed, description) VALUES (%(owner_id)s::INTEGER, %(origin_country_id)s::INTEGER, %(origin_city_id)s::INTEGER, %(destination_country_id)s::INTEGER, %(destination_city_id)s::INTEGER, %(product_classification_id)s::INTEGER, %(is_sender)s, %(start_time_frame)s::TIMESTAMP WITH TIME ZONE, %(end_time_frame)s::TIMESTAMP WITH TIME ZONE, %(ticket_date_time)s::TIMESTAMP WITH TIME ZONE, %(weight)s, %(is_packed)s, %(price_aed)s, %(description)s::VARCHAR) RETURNING card.id, card.created_at, card.updated_at]
E   [parameters: {'owner_id': 1, 'origin_country_id': 1, 'origin_city_id': 1, 'destination_country_id': 2, 'destination_city_id': 2, 'product_classification_id': None, 'is_sender': False, 'start_time_frame': None, 'end_time_frame': None, 'ticket_date_time': datetime.datetime(2025, 11, 9, 15, 56, 54, 804680), 'weight': 5.0, 'is_packed': None, 'price_aed': None, 'description': 'Test card for unit tests'}]
E   (Background on this error at: https://sqlalche.me/e/20/gkpj)
________ ERROR at setup of TestDeleteCard.test_delete_card_by_non_owner ________
/usr/local/lib/python3.12/site-packages/sqlalchemy/engine/base.py:1967: in _exec_single_context
    self.dialect.do_execute(
/usr/local/lib/python3.12/site-packages/sqlalchemy/engine/default.py:951: in do_execute
    cursor.execute(statement, parameters)
/usr/local/lib/python3.12/site-packages/sqlalchemy/dialects/postgresql/psycopg.py:597: in execute
    result = self.await_(self._cursor.execute(query, params, **kw))
/usr/local/lib/python3.12/site-packages/sqlalchemy/util/_concurrency_py3k.py:132: in await_only
    return current.parent.switch(awaitable)  # type: ignore[no-any-return,attr-defined] # noqa: E501
/usr/local/lib/python3.12/site-packages/sqlalchemy/util/_concurrency_py3k.py:196: in greenlet_spawn
    value = await result
/usr/local/lib/python3.12/site-packages/psycopg/cursor_async.py:89: in execute
    raise ex.with_traceback(None)
E   psycopg.errors.ForeignKeyViolation: insert or update on table "card" violates foreign key constraint "card_origin_country_id_fkey"
E   DETAIL:  Key (origin_country_id)=(1) is not present in table "country".

The above exception was the direct cause of the following exception:
/usr/local/lib/python3.12/site-packages/pytest_asyncio/plugin.py:369: in _async_fixture_wrapper
    return event_loop.run_until_complete(setup())
/usr/local/lib/python3.12/asyncio/base_events.py:691: in run_until_complete
    return future.result()
/usr/local/lib/python3.12/site-packages/pytest_asyncio/plugin.py:364: in setup
    res = await func(
tests/conftest.py:374: in test_card
    await test_db.commit()
/usr/local/lib/python3.12/site-packages/sqlalchemy/ext/asyncio/session.py:1000: in commit
    await greenlet_spawn(self.sync_session.commit)
/usr/local/lib/python3.12/site-packages/sqlalchemy/util/_concurrency_py3k.py:203: in greenlet_spawn
    result = context.switch(value)
/usr/local/lib/python3.12/site-packages/sqlalchemy/orm/session.py:2030: in commit
    trans.commit(_to_root=True)
/usr/local/lib/python3.12/site-packages/sqlalchemy/orm/state_changes.py:137: in _go
    ret_value = fn(self, *arg, **kw)
/usr/local/lib/python3.12/site-packages/sqlalchemy/orm/session.py:1311: in commit
    self._prepare_impl()
/usr/local/lib/python3.12/site-packages/sqlalchemy/orm/state_changes.py:137: in _go
    ret_value = fn(self, *arg, **kw)
/usr/local/lib/python3.12/site-packages/sqlalchemy/orm/session.py:1286: in _prepare_impl
    self.session.flush()
/usr/local/lib/python3.12/site-packages/sqlalchemy/orm/session.py:4331: in flush
    self._flush(objects)
/usr/local/lib/python3.12/site-packages/sqlalchemy/orm/session.py:4466: in _flush
    with util.safe_reraise():
/usr/local/lib/python3.12/site-packages/sqlalchemy/util/langhelpers.py:224: in __exit__
    raise exc_value.with_traceback(exc_tb)
/usr/local/lib/python3.12/site-packages/sqlalchemy/orm/session.py:4427: in _flush
    flush_context.execute()
/usr/local/lib/python3.12/site-packages/sqlalchemy/orm/unitofwork.py:466: in execute
    rec.execute(self)
/usr/local/lib/python3.12/site-packages/sqlalchemy/orm/unitofwork.py:642: in execute
    util.preloaded.orm_persistence.save_obj(
/usr/local/lib/python3.12/site-packages/sqlalchemy/orm/persistence.py:93: in save_obj
    _emit_insert_statements(
/usr/local/lib/python3.12/site-packages/sqlalchemy/orm/persistence.py:1233: in _emit_insert_statements
    result = connection.execute(
/usr/local/lib/python3.12/site-packages/sqlalchemy/engine/base.py:1419: in execute
    return meth(
/usr/local/lib/python3.12/site-packages/sqlalchemy/sql/elements.py:526: in _execute_on_connection
    return connection._execute_clauseelement(
/usr/local/lib/python3.12/site-packages/sqlalchemy/engine/base.py:1641: in _execute_clauseelement
    ret = self._execute_context(
/usr/local/lib/python3.12/site-packages/sqlalchemy/engine/base.py:1846: in _execute_context
    return self._exec_single_context(
/usr/local/lib/python3.12/site-packages/sqlalchemy/engine/base.py:1986: in _exec_single_context
    self._handle_dbapi_exception(
/usr/local/lib/python3.12/site-packages/sqlalchemy/engine/base.py:2355: in _handle_dbapi_exception
    raise sqlalchemy_exception.with_traceback(exc_info[2]) from e
/usr/local/lib/python3.12/site-packages/sqlalchemy/engine/base.py:1967: in _exec_single_context
    self.dialect.do_execute(
/usr/local/lib/python3.12/site-packages/sqlalchemy/engine/default.py:951: in do_execute
    cursor.execute(statement, parameters)
/usr/local/lib/python3.12/site-packages/sqlalchemy/dialects/postgresql/psycopg.py:597: in execute
    result = self.await_(self._cursor.execute(query, params, **kw))
/usr/local/lib/python3.12/site-packages/sqlalchemy/util/_concurrency_py3k.py:132: in await_only
    return current.parent.switch(awaitable)  # type: ignore[no-any-return,attr-defined] # noqa: E501
/usr/local/lib/python3.12/site-packages/sqlalchemy/util/_concurrency_py3k.py:196: in greenlet_spawn
    value = await result
/usr/local/lib/python3.12/site-packages/psycopg/cursor_async.py:89: in execute
    raise ex.with_traceback(None)
E   sqlalchemy.exc.IntegrityError: (psycopg.errors.ForeignKeyViolation) insert or update on table "card" violates foreign key constraint "card_origin_country_id_fkey"
E   DETAIL:  Key (origin_country_id)=(1) is not present in table "country".
E   [SQL: INSERT INTO card (owner_id, origin_country_id, origin_city_id, destination_country_id, destination_city_id, product_classification_id, is_sender, start_time_frame, end_time_frame, ticket_date_time, weight, is_packed, price_aed, description) VALUES (%(owner_id)s::INTEGER, %(origin_country_id)s::INTEGER, %(origin_city_id)s::INTEGER, %(destination_country_id)s::INTEGER, %(destination_city_id)s::INTEGER, %(product_classification_id)s::INTEGER, %(is_sender)s, %(start_time_frame)s::TIMESTAMP WITH TIME ZONE, %(end_time_frame)s::TIMESTAMP WITH TIME ZONE, %(ticket_date_time)s::TIMESTAMP WITH TIME ZONE, %(weight)s, %(is_packed)s, %(price_aed)s, %(description)s::VARCHAR) RETURNING card.id, card.created_at, card.updated_at]
E   [parameters: {'owner_id': 1, 'origin_country_id': 1, 'origin_city_id': 1, 'destination_country_id': 2, 'destination_city_id': 2, 'product_classification_id': None, 'is_sender': False, 'start_time_frame': None, 'end_time_frame': None, 'ticket_date_time': datetime.datetime(2025, 11, 9, 15, 56, 55, 445318), 'weight': 5.0, 'is_packed': None, 'price_aed': None, 'description': 'Test card for unit tests'}]
E   (Background on this error at: https://sqlalche.me/e/20/gkpj)
________ ERROR at setup of TestDeleteCard.test_delete_card_without_auth ________
/usr/local/lib/python3.12/site-packages/sqlalchemy/engine/base.py:1967: in _exec_single_context
    self.dialect.do_execute(
/usr/local/lib/python3.12/site-packages/sqlalchemy/engine/default.py:951: in do_execute
    cursor.execute(statement, parameters)
/usr/local/lib/python3.12/site-packages/sqlalchemy/dialects/postgresql/psycopg.py:597: in execute
    result = self.await_(self._cursor.execute(query, params, **kw))
/usr/local/lib/python3.12/site-packages/sqlalchemy/util/_concurrency_py3k.py:132: in await_only
    return current.parent.switch(awaitable)  # type: ignore[no-any-return,attr-defined] # noqa: E501
/usr/local/lib/python3.12/site-packages/sqlalchemy/util/_concurrency_py3k.py:196: in greenlet_spawn
    value = await result
/usr/local/lib/python3.12/site-packages/psycopg/cursor_async.py:89: in execute
    raise ex.with_traceback(None)
E   psycopg.errors.ForeignKeyViolation: insert or update on table "card" violates foreign key constraint "card_origin_country_id_fkey"
E   DETAIL:  Key (origin_country_id)=(1) is not present in table "country".

The above exception was the direct cause of the following exception:
/usr/local/lib/python3.12/site-packages/pytest_asyncio/plugin.py:369: in _async_fixture_wrapper
    return event_loop.run_until_complete(setup())
/usr/local/lib/python3.12/asyncio/base_events.py:691: in run_until_complete
    return future.result()
/usr/local/lib/python3.12/site-packages/pytest_asyncio/plugin.py:364: in setup
    res = await func(
tests/conftest.py:374: in test_card
    await test_db.commit()
/usr/local/lib/python3.12/site-packages/sqlalchemy/ext/asyncio/session.py:1000: in commit
    await greenlet_spawn(self.sync_session.commit)
/usr/local/lib/python3.12/site-packages/sqlalchemy/util/_concurrency_py3k.py:203: in greenlet_spawn
    result = context.switch(value)
/usr/local/lib/python3.12/site-packages/sqlalchemy/orm/session.py:2030: in commit
    trans.commit(_to_root=True)
/usr/local/lib/python3.12/site-packages/sqlalchemy/orm/state_changes.py:137: in _go
    ret_value = fn(self, *arg, **kw)
/usr/local/lib/python3.12/site-packages/sqlalchemy/orm/session.py:1311: in commit
    self._prepare_impl()
/usr/local/lib/python3.12/site-packages/sqlalchemy/orm/state_changes.py:137: in _go
    ret_value = fn(self, *arg, **kw)
/usr/local/lib/python3.12/site-packages/sqlalchemy/orm/session.py:1286: in _prepare_impl
    self.session.flush()
/usr/local/lib/python3.12/site-packages/sqlalchemy/orm/session.py:4331: in flush
    self._flush(objects)
/usr/local/lib/python3.12/site-packages/sqlalchemy/orm/session.py:4466: in _flush
    with util.safe_reraise():
/usr/local/lib/python3.12/site-packages/sqlalchemy/util/langhelpers.py:224: in __exit__
    raise exc_value.with_traceback(exc_tb)
/usr/local/lib/python3.12/site-packages/sqlalchemy/orm/session.py:4427: in _flush
    flush_context.execute()
/usr/local/lib/python3.12/site-packages/sqlalchemy/orm/unitofwork.py:466: in execute
    rec.execute(self)
/usr/local/lib/python3.12/site-packages/sqlalchemy/orm/unitofwork.py:642: in execute
    util.preloaded.orm_persistence.save_obj(
/usr/local/lib/python3.12/site-packages/sqlalchemy/orm/persistence.py:93: in save_obj
    _emit_insert_statements(
/usr/local/lib/python3.12/site-packages/sqlalchemy/orm/persistence.py:1233: in _emit_insert_statements
    result = connection.execute(
/usr/local/lib/python3.12/site-packages/sqlalchemy/engine/base.py:1419: in execute
    return meth(
/usr/local/lib/python3.12/site-packages/sqlalchemy/sql/elements.py:526: in _execute_on_connection
    return connection._execute_clauseelement(
/usr/local/lib/python3.12/site-packages/sqlalchemy/engine/base.py:1641: in _execute_clauseelement
    ret = self._execute_context(
/usr/local/lib/python3.12/site-packages/sqlalchemy/engine/base.py:1846: in _execute_context
    return self._exec_single_context(
/usr/local/lib/python3.12/site-packages/sqlalchemy/engine/base.py:1986: in _exec_single_context
    self._handle_dbapi_exception(
/usr/local/lib/python3.12/site-packages/sqlalchemy/engine/base.py:2355: in _handle_dbapi_exception
    raise sqlalchemy_exception.with_traceback(exc_info[2]) from e
/usr/local/lib/python3.12/site-packages/sqlalchemy/engine/base.py:1967: in _exec_single_context
    self.dialect.do_execute(
/usr/local/lib/python3.12/site-packages/sqlalchemy/engine/default.py:951: in do_execute
    cursor.execute(statement, parameters)
/usr/local/lib/python3.12/site-packages/sqlalchemy/dialects/postgresql/psycopg.py:597: in execute
    result = self.await_(self._cursor.execute(query, params, **kw))
/usr/local/lib/python3.12/site-packages/sqlalchemy/util/_concurrency_py3k.py:132: in await_only
    return current.parent.switch(awaitable)  # type: ignore[no-any-return,attr-defined] # noqa: E501
/usr/local/lib/python3.12/site-packages/sqlalchemy/util/_concurrency_py3k.py:196: in greenlet_spawn
    value = await result
[...]
--------------------------- Captured stdout teardown ---------------------------
2025-11-02 15:57:02,085 INFO sqlalchemy.engine.Engine ROLLBACK
---------------------------- Captured log teardown -----------------------------
INFO     sqlalchemy.engine.Engine:base.py:2705 ROLLBACK
______________ TestUpdateMyProfile.test_update_profile_all_fields ______________
tests/api/test_users.py:87: in test_update_profile_all_fields
    assert response.status_code == 200
E   assert 404 == 200
E    +  where 404 = <Response [404 Not Found]>.status_code
----------------------------- Captured stdout call -----------------------------
2025-11-02 15:57:02,385 INFO sqlalchemy.engine.Engine BEGIN (implicit)
2025-11-02 15:57:02,386 INFO sqlalchemy.engine.Engine SELECT "user".email, "user".first_name, "user".last_name, "user".password, "user".otp_code, "user".national_id, "user".gender, "user".birthday, "user".postal_code, "user".is_active, "user".is_admin, "user".avatar_id, "user".country_id, "user".city_id, "user".id, "user".created_at, "user".updated_at 
FROM "user" 
WHERE "user".id = %(id_1)s::INTEGER
2025-11-02 15:57:02,386 INFO sqlalchemy.engine.Engine [cached since 0.303s ago] {'id_1': 1}
------------------------------ Captured log call -------------------------------
INFO     sqlalchemy.engine.Engine:base.py:2702 BEGIN (implicit)
INFO     sqlalchemy.engine.Engine:base.py:1846 SELECT "user".email, "user".first_name, "user".last_name, "user".password, "user".otp_code, "user".national_id, "user".gender, "user".birthday, "user".postal_code, "user".is_active, "user".is_admin, "user".avatar_id, "user".country_id, "user".city_id, "user".id, "user".created_at, "user".updated_at 
FROM "user" 
WHERE "user".id = %(id_1)s::INTEGER
INFO     sqlalchemy.engine.Engine:base.py:1846 [cached since 0.303s ago] {'id_1': 1}
--------------------------- Captured stdout teardown ---------------------------
2025-11-02 15:57:02,388 INFO sqlalchemy.engine.Engine ROLLBACK
---------------------------- Captured log teardown -----------------------------
INFO     sqlalchemy.engine.Engine:base.py:2705 ROLLBACK
_______________ TestUpdateMyProfile.test_update_profile_partial ________________
tests/api/test_users.py:115: in test_update_profile_partial
    assert response.status_code == 200
E   assert 404 == 200
E    +  where 404 = <Response [404 Not Found]>.status_code
----------------------------- Captured stdout call -----------------------------
2025-11-02 15:57:02,492 INFO sqlalchemy.engine.Engine BEGIN (implicit)
2025-11-02 15:57:02,492 INFO sqlalchemy.engine.Engine SELECT "user".email, "user".first_name, "user".last_name, "user".password, "user".otp_code, "user".national_id, "user".gender, "user".birthday, "user".postal_code, "user".is_active, "user".is_admin, "user".avatar_id, "user".country_id, "user".city_id, "user".id, "user".created_at, "user".updated_at 
FROM "user" 
WHERE "user".id = %(id_1)s::INTEGER
2025-11-02 15:57:02,492 INFO sqlalchemy.engine.Engine [cached since 0.4097s ago] {'id_1': 1}
------------------------------ Captured log call -------------------------------
INFO     sqlalchemy.engine.Engine:base.py:2702 BEGIN (implicit)
INFO     sqlalchemy.engine.Engine:base.py:1846 SELECT "user".email, "user".first_name, "user".last_name, "user".password, "user".otp_code, "user".national_id, "user".gender, "user".birthday, "user".postal_code, "user".is_active, "user".is_admin, "user".avatar_id, "user".country_id, "user".city_id, "user".id, "user".created_at, "user".updated_at 
FROM "user" 
WHERE "user".id = %(id_1)s::INTEGER
INFO     sqlalchemy.engine.Engine:base.py:1846 [cached since 0.4097s ago] {'id_1': 1}
--------------------------- Captured stdout teardown ---------------------------
2025-11-02 15:57:02,494 INFO sqlalchemy.engine.Engine ROLLBACK
---------------------------- Captured log teardown -----------------------------
INFO     sqlalchemy.engine.Engine:base.py:2705 ROLLBACK
___________ TestUpdateMyProfile.test_update_profile_check_updated_at ___________
tests/api/test_users.py:183: in test_update_profile_check_updated_at
    assert response.status_code == 200
E   assert 404 == 200
E    +  where 404 = <Response [404 Not Found]>.status_code
----------------------------- Captured stdout call -----------------------------
2025-11-02 15:57:02,789 INFO sqlalchemy.engine.Engine BEGIN (implicit)
2025-11-02 15:57:02,789 INFO sqlalchemy.engine.Engine SELECT "user".email, "user".first_name, "user".last_name, "user".password, "user".otp_code, "user".national_id, "user".gender, "user".birthday, "user".postal_code, "user".is_active, "user".is_admin, "user".avatar_id, "user".country_id, "user".city_id, "user".id, "user".created_at, "user".updated_at 
FROM "user" 
WHERE "user".id = %(id_1)s::INTEGER
2025-11-02 15:57:02,789 INFO sqlalchemy.engine.Engine [cached since 0.7069s ago] {'id_1': 1}
------------------------------ Captured log call -------------------------------
INFO     sqlalchemy.engine.Engine:base.py:2702 BEGIN (implicit)
INFO     sqlalchemy.engine.Engine:base.py:1846 SELECT "user".email, "user".first_name, "user".last_name, "user".password, "user".otp_code, "user".national_id, "user".gender, "user".birthday, "user".postal_code, "user".is_active, "user".is_admin, "user".avatar_id, "user".country_id, "user".city_id, "user".id, "user".created_at, "user".updated_at 
FROM "user" 
WHERE "user".id = %(id_1)s::INTEGER
INFO     sqlalchemy.engine.Engine:base.py:1846 [cached since 0.7069s ago] {'id_1': 1}
--------------------------- Captured stdout teardown ---------------------------
2025-11-02 15:57:02,791 INFO sqlalchemy.engine.Engine ROLLBACK
---------------------------- Captured log teardown -----------------------------
INFO     sqlalchemy.engine.Engine:base.py:2705 ROLLBACK
____________ TestUpdateMyProfile.test_update_profile_empty_payload _____________
tests/api/test_users.py:209: in test_update_profile_empty_payload
    assert response.status_code == 200
E   assert 404 == 200
E    +  where 404 = <Response [404 Not Found]>.status_code
----------------------------- Captured stdout call -----------------------------
2025-11-02 15:57:02,893 INFO sqlalchemy.engine.Engine BEGIN (implicit)
2025-11-02 15:57:02,893 INFO sqlalchemy.engine.Engine SELECT "user".email, "user".first_name, "user".last_name, "user".password, "user".otp_code, "user".national_id, "user".gender, "user".birthday, "user".postal_code, "user".is_active, "user".is_admin, "user".avatar_id, "user".country_id, "user".city_id, "user".id, "user".created_at, "user".updated_at 
FROM "user" 
WHERE "user".id = %(id_1)s::INTEGER
2025-11-02 15:57:02,893 INFO sqlalchemy.engine.Engine [cached since 0.8108s ago] {'id_1': 1}
------------------------------ Captured log call -------------------------------
INFO     sqlalchemy.engine.Engine:base.py:2702 BEGIN (implicit)
INFO     sqlalchemy.engine.Engine:base.py:1846 SELECT "user".email, "user".first_name, "user".last_name, "user".password, "user".otp_code, "user".national_id, "user".gender, "user".birthday, "user".postal_code, "user".is_active, "user".is_admin, "user".avatar_id, "user".country_id, "user".city_id, "user".id, "user".created_at, "user".updated_at 
FROM "user" 
WHERE "user".id = %(id_1)s::INTEGER
INFO     sqlalchemy.engine.Engine:base.py:1846 [cached since 0.8108s ago] {'id_1': 1}
--------------------------- Captured stdout teardown ---------------------------
2025-11-02 15:57:02,896 INFO sqlalchemy.engine.Engine ROLLBACK
---------------------------- Captured log teardown -----------------------------
INFO     sqlalchemy.engine.Engine:base.py:2705 ROLLBACK
___________ TestUpdateMyProfile.test_update_profile_with_null_values ___________
tests/api/test_users.py:237: in test_update_profile_with_null_values
    assert response.status_code == 200
E   assert 404 == 200
E    +  where 404 = <Response [404 Not Found]>.status_code
----------------------------- Captured stdout call -----------------------------
2025-11-02 15:57:02,999 INFO sqlalchemy.engine.Engine BEGIN (implicit)
2025-11-02 15:57:02,999 INFO sqlalchemy.engine.Engine SELECT "user".email, "user".first_name, "user".last_name, "user".password, "user".otp_code, "user".national_id, "user".gender, "user".birthday, "user".postal_code, "user".is_active, "user".is_admin, "user".avatar_id, "user".country_id, "user".city_id, "user".id, "user".created_at, "user".updated_at 
FROM "user" 
WHERE "user".id = %(id_1)s::INTEGER
2025-11-02 15:57:02,999 INFO sqlalchemy.engine.Engine [cached since 0.9167s ago] {'id_1': 1}
------------------------------ Captured log call -------------------------------
INFO     sqlalchemy.engine.Engine:base.py:2702 BEGIN (implicit)
INFO     sqlalchemy.engine.Engine:base.py:1846 SELECT "user".email, "user".first_name, "user".last_name, "user".password, "user".otp_code, "user".national_id, "user".gender, "user".birthday, "user".postal_code, "user".is_active, "user".is_admin, "user".avatar_id, "user".country_id, "user".city_id, "user".id, "user".created_at, "user".updated_at 
FROM "user" 
WHERE "user".id = %(id_1)s::INTEGER
INFO     sqlalchemy.engine.Engine:base.py:1846 [cached since 0.9167s ago] {'id_1': 1}
--------------------------- Captured stdout teardown ---------------------------
2025-11-02 15:57:03,001 INFO sqlalchemy.engine.Engine ROLLBACK
---------------------------- Captured log teardown -----------------------------
INFO     sqlalchemy.engine.Engine:base.py:2705 ROLLBACK
=============================== warnings summary ===============================
../usr/local/lib/python3.12/site-packages/pydantic/_internal/_config.py:291
  /usr/local/lib/python3.12/site-packages/pydantic/_internal/_config.py:291: PydanticDeprecatedSince20: Support for class-based `config` is deprecated, use ConfigDict instead. Deprecated in Pydantic V2.0 to be removed in V3.0. See Pydantic V2 Migration Guide at https://errors.pydantic.dev/2.8/migration/
    warnings.warn(DEPRECATION_MESSAGE, DeprecationWarning)

tests/api/test_auth.py: 8 warnings
tests/api/test_cards.py: 19 warnings
tests/api/test_communities.py: 26 warnings
tests/api/test_messages.py: 21 warnings
tests/api/test_users.py: 7 warnings
  /app/app/core/security.py:106: DeprecationWarning: datetime.datetime.utcnow() is deprecated and scheduled for removal in a future version. Use timezone-aware objects to represent datetimes in UTC: datetime.datetime.now(datetime.UTC).
    expire = datetime.utcnow() + timedelta(minutes=expires_minutes)

tests/api/test_auth.py: 1 warning
tests/api/test_cards.py: 5 warnings
tests/api/test_communities.py: 4 warnings
tests/api/test_messages.py: 3 warnings
tests/api/test_users.py: 7 warnings
  /app/app/core/security.py:180: DeprecationWarning: datetime.datetime.utcnow() is deprecated and scheduled for removal in a future version. Use timezone-aware objects to represent datetimes in UTC: datetime.datetime.now(datetime.UTC).
    if datetime.utcnow().timestamp() > payload["exp"]:

tests/api/test_cards.py: 11 warnings
  /app/tests/conftest.py:369: DeprecationWarning: datetime.datetime.utcnow() is deprecated and scheduled for removal in a future version. Use timezone-aware objects to represent datetimes in UTC: datetime.datetime.now(datetime.UTC).
    ticket_date_time=datetime.utcnow() + timedelta(days=7),

tests/api/test_cards.py::TestGetCards::test_get_cards_filter_is_sender_true
  /app/tests/api/test_cards.py:86: DeprecationWarning: datetime.datetime.utcnow() is deprecated and scheduled for removal in a future version. Use timezone-aware objects to represent datetimes in UTC: datetime.datetime.now(datetime.UTC).
    start_time_frame=datetime.utcnow() + timedelta(days=1),

tests/api/test_cards.py::TestGetCards::test_get_cards_filter_is_sender_true
  /app/tests/api/test_cards.py:87: DeprecationWarning: datetime.datetime.utcnow() is deprecated and scheduled for removal in a future version. Use timezone-aware objects to represent datetimes in UTC: datetime.datetime.now(datetime.UTC).
    end_time_frame=datetime.utcnow() + timedelta(days=7),

tests/api/test_cards.py::TestCreateCard::test_create_passenger_card_success
  /app/tests/api/test_cards.py:162: DeprecationWarning: datetime.datetime.utcnow() is deprecated and scheduled for removal in a future version. Use timezone-aware objects to represent datetimes in UTC: datetime.datetime.now(datetime.UTC).
    "ticket_date_time": (datetime.utcnow() + timedelta(days=7)).isoformat(),

tests/api/test_cards.py::TestCreateCard::test_create_sender_card_success
  /app/tests/api/test_cards.py:198: DeprecationWarning: datetime.datetime.utcnow() is deprecated and scheduled for removal in a future version. Use timezone-aware objects to represent datetimes in UTC: datetime.datetime.now(datetime.UTC).
    "start_time_frame": (datetime.utcnow() + timedelta(days=1)).isoformat(),

tests/api/test_cards.py::TestCreateCard::test_create_sender_card_success
  /app/tests/api/test_cards.py:199: DeprecationWarning: datetime.datetime.utcnow() is deprecated and scheduled for removal in a future version. Use timezone-aware objects to represent datetimes in UTC: datetime.datetime.now(datetime.UTC).
    "end_time_frame": (datetime.utcnow() + timedelta(days=7)).isoformat(),

tests/api/test_cards.py::TestCreateCard::test_create_card_without_auth
  /app/tests/api/test_cards.py:227: DeprecationWarning: datetime.datetime.utcnow() is deprecated and scheduled for removal in a future version. Use timezone-aware objects to represent datetimes in UTC: datetime.datetime.now(datetime.UTC).
    "ticket_date_time": (datetime.utcnow() + timedelta(days=7)).isoformat(),

tests/api/test_cards.py::TestDeleteCard::test_delete_card_by_owner
  /app/tests/api/test_cards.py:445: DeprecationWarning: datetime.datetime.utcnow() is deprecated and scheduled for removal in a future version. Use timezone-aware objects to represent datetimes in UTC: datetime.datetime.now(datetime.UTC).
    ticket_date_time=datetime.utcnow() + timedelta(days=7),

tests/api/test_messages.py::TestSendMessage::test_send_message_to_nonexistent_user
  /app/tests/conftest.py:75: DeprecationWarning: Call to deprecated close. (Use aclose() instead) -- Deprecated since version 5.0.1.
    await client.close()

-- Docs: https://docs.pytest.org/en/stable/how-to/capture-warnings.html
=========================== short test summary info ============================
FAILED tests/api/test_auth.py::TestSignup::test_signup_success - assert 400 =...
FAILED tests/api/test_auth.py::TestRequestOTP::test_request_otp_success - ass...
FAILED tests/api/test_auth.py::TestRequestOTP::test_request_otp_updates_existing_code
FAILED tests/api/test_auth.py::TestVerifyOTP::test_verify_otp_success - asser...
FAILED tests/api/test_auth.py::TestVerifyOTP::test_verify_otp_used_code - ass...
FAILED tests/api/test_auth.py::TestRefreshToken::test_refresh_token_success
FAILED tests/api/test_cards.py::TestGetCards::test_get_cards_filter_is_sender_true
FAILED tests/api/test_cards.py::TestCreateCard::test_create_passenger_card_success
FAILED tests/api/test_cards.py::TestCreateCard::test_create_sender_card_success
FAILED tests/api/test_cards.py::TestDeleteCard::test_delete_card_by_owner - s...
FAILED tests/api/test_communities.py::TestCreateCommunity::test_create_community_success
FAILED tests/api/test_communities.py::TestJoinCommunity::test_join_community_not_found
FAILED tests/api/test_communities.py::TestGetCommunityMembers::test_get_members_not_found
FAILED tests/api/test_messages.py::TestSendMessage::test_send_message_validation_error_missing_body
FAILED tests/api/test_messages.py::TestSendMessage::test_send_message_validation_error_empty_body
FAILED tests/api/test_messages.py::TestSendMessage::test_send_message_to_nonexistent_user
FAILED tests/api/test_users.py::TestGetMyProfile::test_get_profile_success - ...
FAILED tests/api/test_users.py::TestUpdateMyProfile::test_update_profile_all_fields
FAILED tests/api/test_users.py::TestUpdateMyProfile::test_update_profile_partial
FAILED tests/api/test_users.py::TestUpdateMyProfile::test_update_profile_check_updated_at
FAILED tests/api/test_users.py::TestUpdateMyProfile::test_update_profile_empty_payload
FAILED tests/api/test_users.py::TestUpdateMyProfile::test_update_profile_with_null_values
ERROR tests/api/test_cards.py::TestGetCards::test_get_cards_with_pagination
ERROR tests/api/test_cards.py::TestGetCards::test_get_cards_filter_origin_city
ERROR tests/api/test_cards.py::TestGetCards::test_get_cards_filter_destination_city
ERROR tests/api/test_cards.py::TestGetCards::test_get_cards_filter_is_sender_false
ERROR tests/api/test_cards.py::TestGetCards::test_get_cards_multiple_filters
ERROR tests/api/test_cards.py::TestCreateCard::test_create_card_with_community_ids
ERROR tests/api/test_cards.py::TestGetCard::test_get_card_success - sqlalchem...
ERROR tests/api/test_cards.py::TestUpdateCard::test_update_card_by_owner - sq...
ERROR tests/api/test_cards.py::TestUpdateCard::test_update_card_by_non_owner
ERROR tests/api/test_cards.py::TestUpdateCard::test_update_card_without_auth
ERROR tests/api/test_cards.py::TestDeleteCard::test_delete_card_by_non_owner
ERROR tests/api/test_cards.py::TestDeleteCard::test_delete_card_without_auth
ERROR tests/api/test_communities.py::TestGetCommunities::test_get_communities_with_data
ERROR tests/api/test_communities.py::TestGetCommunities::test_get_communities_pagination
ERROR tests/api/test_communities.py::TestCreateCommunity::test_create_community_duplicate_name
ERROR tests/api/test_communities.py::TestGetCommunity::test_get_community_success
ERROR tests/api/test_communities.py::TestUpdateCommunity::test_update_community_by_owner
ERROR tests/api/test_communities.py::TestUpdateCommunity::test_update_community_by_non_owner
ERROR tests/api/test_communities.py::TestUpdateCommunity::test_update_community_without_auth
ERROR tests/api/test_communities.py::TestJoinCommunity::test_join_community_success
ERROR tests/api/test_communities.py::TestJoinCommunity::test_join_community_duplicate_request
ERROR tests/api/test_communities.py::TestJoinCommunity::test_join_community_without_auth
ERROR tests/api/test_communities.py::TestGetJoinRequests::test_get_requests_by_owner
ERROR tests/api/test_communities.py::TestGetJoinRequests::test_get_requests_by_non_owner
ERROR tests/api/test_communities.py::TestGetJoinRequests::test_get_requests_without_auth
ERROR tests/api/test_communities.py::TestApproveJoinRequest::test_approve_request_success
ERROR tests/api/test_communities.py::TestApproveJoinRequest::test_approve_request_by_non_owner
ERROR tests/api/test_communities.py::TestApproveJoinRequest::test_approve_request_not_found
ERROR tests/api/test_communities.py::TestApproveJoinRequest::test_approve_request_without_auth
ERROR tests/api/test_communities.py::TestRejectJoinRequest::test_reject_request_success
ERROR tests/api/test_communities.py::TestRejectJoinRequest::test_reject_request_by_non_owner
ERROR tests/api/test_communities.py::TestRejectJoinRequest::test_reject_request_without_auth
ERROR tests/api/test_communities.py::TestGetCommunityMembers::test_get_members_with_pagination
ERROR tests/api/test_communities.py::TestGetCommunityMembers::test_get_members_only_active
ERROR tests/api/test_messages.py::TestSendMessage::test_send_message_success_with_common_community
ERROR tests/api/test_messages.py::TestSendMessage::test_send_message_blocked_no_common_community
ERROR tests/api/test_messages.py::TestSendMessage::test_send_message_rate_limit_exceeded
ERROR tests/api/test_messages.py::TestGetInbox::test_get_inbox_with_messages
ERROR tests/api/test_messages.py::TestGetInbox::test_get_inbox_only_received_messages
ERROR tests/api/test_messages.py::TestGetInbox::test_get_inbox_newest_first
ERROR tests/api/test_messages.py::TestGetSent::test_get_sent_with_messages - ...
ERROR tests/api/test_messages.py::TestGetSent::test_get_sent_only_sent_messages
ERROR tests/api/test_messages.py::TestGetSent::test_get_sent_newest_first - I...
=========== 22 failed, 28 passed, 121 warnings, 43 errors in 13.92s ============

